2014-04-11 00:00:50.181+0000 INFO  [API] Setting startup timeout to: 120000ms based on -1
Detected incorrectly shut down database, performing recovery..
2014-04-11 00:00:51.456+0000 INFO  [API] Successfully started database
2014-04-11 00:00:52.204+0000 INFO  [API] Starting HTTP on port :7474 with 40 threads available
2014-04-11 00:00:52.373+0000 INFO  [API] Enabling HTTPS on port :7473
2014-04-11 00:00:52.632+0000 INFO  [API] Mounted discovery module at [/]
2014-04-11 00:00:52.639+0000 INFO  [API] Mounted REST API at [/db/data/]
2014-04-11 00:00:52.642+0000 INFO  [API] Mounted management API at [/db/manage/]
2014-04-11 00:00:52.643+0000 INFO  [API] Mounted webadmin at [/webadmin]
2014-04-11 00:00:52.644+0000 INFO  [API] Mounted Neo4j Browser at [/browser]
2014-04-11 00:00:52.694+0000 INFO  [API] Mounting static content at [/webadmin] from [webadmin-html]
2014-04-11 00:00:52.750+0000 INFO  [API] Mounting static content at [/browser] from [browser]
19:00:52.751 [main] WARN  o.e.j.server.handler.ContextHandler - o.e.j.s.ServletContextHandler@315be7ff{/,null,null} contextPath ends with /
19:00:52.751 [main] WARN  o.e.j.server.handler.ContextHandler - Empty contextPath
19:00:52.753 [main] INFO  org.eclipse.jetty.server.Server - jetty-9.0.5.v20130815
19:00:52.779 [main] INFO  o.e.j.server.handler.ContextHandler - Started o.e.j.s.h.MovedContextHandler@44fdd771{/,null,AVAILABLE}
19:00:52.887 [main] INFO  o.e.j.w.StandardDescriptorProcessor - NO JSP Support for /webadmin, did not find org.apache.jasper.servlet.JspServlet
19:00:52.899 [main] INFO  o.e.j.server.handler.ContextHandler - Started o.e.j.w.WebAppContext@6ecc926e{/webadmin,jar:file:/Users/apprentice/Desktop/Team_Ken/neo4j/system/lib/neo4j-server-2.0.1-static-web.jar!/webadmin-html,AVAILABLE}
19:00:53.328 [main] INFO  o.e.j.server.handler.ContextHandler - Started o.e.j.s.ServletContextHandler@78b004bf{/db/manage,null,AVAILABLE}
19:00:53.606 [main] INFO  o.e.j.server.handler.ContextHandler - Started o.e.j.s.ServletContextHandler@7da98255{/db/data,null,AVAILABLE}
19:00:53.629 [main] INFO  o.e.j.w.StandardDescriptorProcessor - NO JSP Support for /browser, did not find org.apache.jasper.servlet.JspServlet
19:00:53.631 [main] INFO  o.e.j.server.handler.ContextHandler - Started o.e.j.w.WebAppContext@31a6eaa4{/browser,jar:file:/Users/apprentice/Desktop/Team_Ken/neo4j/system/lib/neo4j-browser-2.0.1.jar!/browser,AVAILABLE}
19:00:53.759 [main] INFO  o.e.j.server.handler.ContextHandler - Started o.e.j.s.ServletContextHandler@315be7ff{/,null,AVAILABLE}
19:00:53.773 [main] INFO  o.e.jetty.server.ServerConnector - Started ServerConnector@5461689c{HTTP/1.1}{localhost:7474}
19:00:54.226 [main] INFO  o.e.jetty.server.ServerConnector - Started ServerConnector@6970e076{SSL-HTTP/1.1}{localhost:7473}
2014-04-11 00:00:54.228+0000 INFO  [API] Remote interface ready and available at [http://localhost:7474/]
