2014-04-11 00:58:42.045+0000 INFO  [o.n.k.i.DiagnosticsManager]: --- INITIALIZED diagnostics START ---
2014-04-11 00:58:42.055+0000 INFO  [o.n.k.i.DiagnosticsManager]: Neo4j Kernel properties:
2014-04-11 00:58:42.062+0000 INFO  [o.n.k.i.DiagnosticsManager]: neostore.propertystore.db.mapped_memory=643M
2014-04-11 00:58:42.062+0000 INFO  [o.n.k.i.DiagnosticsManager]: neo_store=/Users/apprentice/Desktop/Team_Ken/neo4j/data/graph.db/neostore
2014-04-11 00:58:42.062+0000 INFO  [o.n.k.i.DiagnosticsManager]: neostore.nodestore.db.mapped_memory=178M
2014-04-11 00:58:42.062+0000 INFO  [o.n.k.i.DiagnosticsManager]: neostore.relationshipstore.db.mapped_memory=787M
2014-04-11 00:58:42.062+0000 INFO  [o.n.k.i.DiagnosticsManager]: neostore.propertystore.db.strings.mapped_memory=546M
2014-04-11 00:58:42.062+0000 INFO  [o.n.k.i.DiagnosticsManager]: store_dir=/Users/apprentice/Desktop/Team_Ken/neo4j/data/graph.db
2014-04-11 00:58:42.062+0000 INFO  [o.n.k.i.DiagnosticsManager]: keep_logical_logs=true
2014-04-11 00:58:42.062+0000 INFO  [o.n.k.i.DiagnosticsManager]: neostore.propertystore.db.arrays.mapped_memory=619M
2014-04-11 00:58:42.062+0000 INFO  [o.n.k.i.DiagnosticsManager]: ephemeral=false
2014-04-11 00:58:42.066+0000 INFO  [o.n.k.i.DiagnosticsManager]: Diagnostics providers:
2014-04-11 00:58:42.066+0000 INFO  [o.n.k.i.DiagnosticsManager]: org.neo4j.kernel.configuration.Config
2014-04-11 00:58:42.066+0000 INFO  [o.n.k.i.DiagnosticsManager]: org.neo4j.kernel.info.DiagnosticsManager
2014-04-11 00:58:42.066+0000 INFO  [o.n.k.i.DiagnosticsManager]: SYSTEM_MEMORY
2014-04-11 00:58:42.066+0000 INFO  [o.n.k.i.DiagnosticsManager]: JAVA_MEMORY
2014-04-11 00:58:42.066+0000 INFO  [o.n.k.i.DiagnosticsManager]: OPERATING_SYSTEM
2014-04-11 00:58:42.066+0000 INFO  [o.n.k.i.DiagnosticsManager]: JAVA_VIRTUAL_MACHINE
2014-04-11 00:58:42.066+0000 INFO  [o.n.k.i.DiagnosticsManager]: CLASSPATH
2014-04-11 00:58:42.066+0000 INFO  [o.n.k.i.DiagnosticsManager]: LIBRARY_PATH
2014-04-11 00:58:42.066+0000 INFO  [o.n.k.i.DiagnosticsManager]: SYSTEM_PROPERTIES
2014-04-11 00:58:42.066+0000 INFO  [o.n.k.i.DiagnosticsManager]: NETWORK
2014-04-11 00:58:42.067+0000 INFO  [o.n.k.i.DiagnosticsManager]: System memory information:
2014-04-11 00:58:42.070+0000 INFO  [o.n.k.i.DiagnosticsManager]: Total Physical memory: 8.00 GB
2014-04-11 00:58:42.070+0000 INFO  [o.n.k.i.DiagnosticsManager]: Free Physical memory: 2.32 GB
2014-04-11 00:58:42.070+0000 INFO  [o.n.k.i.DiagnosticsManager]: Committed virtual memory: 4.60 GB
2014-04-11 00:58:42.071+0000 INFO  [o.n.k.i.DiagnosticsManager]: Total swap space: 1.00 GB
2014-04-11 00:58:42.071+0000 INFO  [o.n.k.i.DiagnosticsManager]: Free swap space: 1.00 GB
2014-04-11 00:58:42.072+0000 INFO  [o.n.k.i.DiagnosticsManager]: JVM memory information:
2014-04-11 00:58:42.072+0000 INFO  [o.n.k.i.DiagnosticsManager]: Free  memory: 105.72 MB
2014-04-11 00:58:42.072+0000 INFO  [o.n.k.i.DiagnosticsManager]: Total memory: 123.75 MB
2014-04-11 00:58:42.073+0000 INFO  [o.n.k.i.DiagnosticsManager]: Max   memory: 1.97 GB
2014-04-11 00:58:42.076+0000 INFO  [o.n.k.i.DiagnosticsManager]: Garbage Collector: ParNew: [Par Eden Space, Par Survivor Space]
2014-04-11 00:58:42.076+0000 INFO  [o.n.k.i.DiagnosticsManager]: Garbage Collector: ConcurrentMarkSweep: [Par Eden Space, Par Survivor Space, CMS Old Gen, CMS Perm Gen]
2014-04-11 00:58:42.077+0000 INFO  [o.n.k.i.DiagnosticsManager]: Memory Pool: Code Cache (Non-heap memory): committed=2.44 MB, used=694.19 kB, max=48.00 MB, threshold=0.00 B
2014-04-11 00:58:42.078+0000 INFO  [o.n.k.i.DiagnosticsManager]: Memory Pool: Par Eden Space (Heap memory): committed=34.13 MB, used=11.63 MB, max=266.25 MB, threshold=?
2014-04-11 00:58:42.078+0000 INFO  [o.n.k.i.DiagnosticsManager]: Memory Pool: Par Survivor Space (Heap memory): committed=4.25 MB, used=4.25 MB, max=33.25 MB, threshold=?
2014-04-11 00:58:42.079+0000 INFO  [o.n.k.i.DiagnosticsManager]: Memory Pool: CMS Old Gen (Heap memory): committed=85.38 MB, used=2.15 MB, max=1.68 GB, threshold=0.00 B
2014-04-11 00:58:42.081+0000 INFO  [o.n.k.i.DiagnosticsManager]: Memory Pool: CMS Perm Gen (Non-heap memory): committed=20.75 MB, used=12.73 MB, max=82.00 MB, threshold=0.00 B
2014-04-11 00:58:42.081+0000 INFO  [o.n.k.i.DiagnosticsManager]: Operating system information:
2014-04-11 00:58:42.083+0000 INFO  [o.n.k.i.DiagnosticsManager]: Operating System: Mac OS X; version: 10.9.1; arch: x86_64; cpus: 4
2014-04-11 00:58:42.083+0000 INFO  [o.n.k.i.DiagnosticsManager]: Max number of file descriptors: 10240
2014-04-11 00:58:42.083+0000 INFO  [o.n.k.i.DiagnosticsManager]: Number of open file descriptors: 77
2014-04-11 00:58:42.084+0000 INFO  [o.n.k.i.DiagnosticsManager]: Process id: 24436@dbc-chicago-5.local
2014-04-11 00:58:42.084+0000 INFO  [o.n.k.i.DiagnosticsManager]: Byte order: LITTLE_ENDIAN
2014-04-11 00:58:42.084+0000 INFO  [o.n.k.i.DiagnosticsManager]: Local timezone: America/Chicago
2014-04-11 00:58:42.084+0000 INFO  [o.n.k.i.DiagnosticsManager]: JVM information:
2014-04-11 00:58:42.084+0000 INFO  [o.n.k.i.DiagnosticsManager]: VM Name: Java HotSpot(TM) 64-Bit Server VM
2014-04-11 00:58:42.084+0000 INFO  [o.n.k.i.DiagnosticsManager]: VM Vendor: Oracle Corporation
2014-04-11 00:58:42.084+0000 INFO  [o.n.k.i.DiagnosticsManager]: VM Version: 24.51-b03
2014-04-11 00:58:42.085+0000 INFO  [o.n.k.i.DiagnosticsManager]: JIT compiler: HotSpot 64-Bit Tiered Compilers
2014-04-11 00:58:42.086+0000 INFO  [o.n.k.i.DiagnosticsManager]: VM Arguments: [-XX:+DisableExplicitGC, -Dorg.neo4j.server.properties=conf/neo4j-server.properties, -Djava.util.logging.config.file=conf/logging.properties, -Dlog4j.configuration=file:conf/log4j.properties, -XX:+UseConcMarkSweepGC, -XX:+CMSClassUnloadingEnabled, -Dneo4j.home=/Users/apprentice/desktop/Team_Ken/neo4j, -Dneo4j.instance=/Users/apprentice/desktop/Team_Ken/neo4j, -Dfile.encoding=UTF-8]
2014-04-11 00:58:42.086+0000 INFO  [o.n.k.i.DiagnosticsManager]: Java classpath:
2014-04-11 00:58:42.089+0000 INFO  [o.n.k.i.DiagnosticsManager]:  [classpath + loader.0] file:/Users/apprentice/Desktop/Team_Ken/neo4j/lib/neo4j-graph-algo-2.0.1.jar
2014-04-11 00:58:42.089+0000 INFO  [o.n.k.i.DiagnosticsManager]:  [classpath + loader.0] file:/Users/apprentice/Desktop/Team_Ken/neo4j/system/lib/commons-logging-1.1.1.jar
2014-04-11 00:58:42.089+0000 INFO  [o.n.k.i.DiagnosticsManager]:  [classpath + loader.0] file:/Users/apprentice/Desktop/Team_Ken/neo4j/lib/neo4j-lucene-index-2.0.1.jar
2014-04-11 00:58:42.089+0000 INFO  [o.n.k.i.DiagnosticsManager]:  [bootstrap] /Library/Java/JavaVirtualMachines/jdk1.7.0_51.jdk/Contents/Home/jre/lib/jce.jar
2014-04-11 00:58:42.089+0000 INFO  [o.n.k.i.DiagnosticsManager]:  [loader.1] file:/System/Library/Java/Extensions/MRJToolkit.jar
2014-04-11 00:58:42.089+0000 INFO  [o.n.k.i.DiagnosticsManager]:  [classpath + loader.0] file:/Users/apprentice/Desktop/Team_Ken/neo4j/system/lib/jersey-server-1.9.jar
2014-04-11 00:58:42.089+0000 INFO  [o.n.k.i.DiagnosticsManager]:  [bootstrap] /Library/Java/JavaVirtualMachines/jdk1.7.0_51.jdk/Contents/Home/jre/lib/sunrsasign.jar
2014-04-11 00:58:42.089+0000 INFO  [o.n.k.i.DiagnosticsManager]:  [classpath + loader.0] file:/Users/apprentice/Desktop/Team_Ken/neo4j/system/lib/mimepull-1.6.jar
2014-04-11 00:58:42.089+0000 INFO  [o.n.k.i.DiagnosticsManager]:  [classpath + loader.0] file:/Users/apprentice/Desktop/Team_Ken/neo4j/system/lib/logback-core-1.0.9.jar
2014-04-11 00:58:42.089+0000 INFO  [o.n.k.i.DiagnosticsManager]:  [classpath + loader.0] file:/Users/apprentice/Desktop/Team_Ken/neo4j/lib/server-api-2.0.1.jar
2014-04-11 00:58:42.090+0000 INFO  [o.n.k.i.DiagnosticsManager]:  [classpath + loader.0] file:/Users/apprentice/Desktop/Team_Ken/neo4j/lib/neo4j-graph-matching-2.0.1.jar
2014-04-11 00:58:42.090+0000 INFO  [o.n.k.i.DiagnosticsManager]:  [classpath + loader.0] file:/Users/apprentice/Desktop/Team_Ken/neo4j/lib/parboiled-core-1.1.6.jar
2014-04-11 00:58:42.090+0000 INFO  [o.n.k.i.DiagnosticsManager]:  [classpath + loader.0] file:/Users/apprentice/Desktop/Team_Ken/neo4j/system/lib/jetty-servlet-9.0.5.v20130815.jar
2014-04-11 00:58:42.090+0000 INFO  [o.n.k.i.DiagnosticsManager]:  [classpath + loader.0] file:/Users/apprentice/Desktop/Team_Ken/neo4j/system/lib/asm-3.1.jar
2014-04-11 00:58:42.090+0000 INFO  [o.n.k.i.DiagnosticsManager]:  [loader.1] file:/Library/Java/JavaVirtualMachines/jdk1.7.0_51.jdk/Contents/Home/jre/lib/ext/sunec.jar
2014-04-11 00:58:42.090+0000 INFO  [o.n.k.i.DiagnosticsManager]:  [classpath + loader.0] file:/Users/apprentice/Desktop/Team_Ken/neo4j/system/lib/commons-digester-1.8.1.jar
2014-04-11 00:58:42.090+0000 INFO  [o.n.k.i.DiagnosticsManager]:  [classpath + loader.0] file:/Users/apprentice/Desktop/Team_Ken/neo4j/system/lib/neo4j-server-2.0.1-static-web.jar
2014-04-11 00:58:42.090+0000 INFO  [o.n.k.i.DiagnosticsManager]:  [classpath + loader.0] file:/Users/apprentice/Desktop/Team_Ken/neo4j/lib/neo4j-cypher-compiler-1.9-2.0.1.jar
2014-04-11 00:58:42.090+0000 INFO  [o.n.k.i.DiagnosticsManager]:  [classpath + loader.0] file:/Users/apprentice/Desktop/Team_Ken/neo4j/lib/concurrentlinkedhashmap-lru-1.3.1.jar
2014-04-11 00:58:42.090+0000 INFO  [o.n.k.i.DiagnosticsManager]:  [classpath + loader.0] file:/Users/apprentice/Desktop/Team_Ken/neo4j/lib/parboiled-scala_2.10-1.1.6.jar
2014-04-11 00:58:42.090+0000 INFO  [o.n.k.i.DiagnosticsManager]:  [classpath + loader.0] file:/Users/apprentice/Desktop/Team_Ken/neo4j/system/lib/neo4j-browser-2.0.1.jar
2014-04-11 00:58:42.090+0000 INFO  [o.n.k.i.DiagnosticsManager]:  [classpath + loader.0] file:/Users/apprentice/Desktop/Team_Ken/neo4j/lib/neo4j-udc-2.0.1.jar
2014-04-11 00:58:42.090+0000 INFO  [o.n.k.i.DiagnosticsManager]:  [loader.1] file:/System/Library/Java/Extensions/QTJava.zip
2014-04-11 00:58:42.090+0000 INFO  [o.n.k.i.DiagnosticsManager]:  [classpath + loader.0] file:/Users/apprentice/Desktop/Team_Ken/neo4j/system/lib/jetty-io-9.0.5.v20130815.jar
2014-04-11 00:58:42.090+0000 INFO  [o.n.k.i.DiagnosticsManager]:  [loader.1] file:/Library/Java/JavaVirtualMachines/jdk1.7.0_51.jdk/Contents/Home/jre/lib/ext/localedata.jar
2014-04-11 00:58:42.090+0000 INFO  [o.n.k.i.DiagnosticsManager]:  [classpath + loader.0] file:/Users/apprentice/Desktop/Team_Ken/neo4j/lib/neo4j-kernel-2.0.1.jar
2014-04-11 00:58:42.091+0000 INFO  [o.n.k.i.DiagnosticsManager]:  [bootstrap] /Library/Java/JavaVirtualMachines/jdk1.7.0_51.jdk/Contents/Home/jre/lib/charsets.jar
2014-04-11 00:58:42.091+0000 INFO  [o.n.k.i.DiagnosticsManager]:  [classpath + loader.0] file:/Users/apprentice/Desktop/Team_Ken/neo4j/system/lib/jetty-server-9.0.5.v20130815.jar
2014-04-11 00:58:42.091+0000 INFO  [o.n.k.i.DiagnosticsManager]:  [classpath + loader.0] file:/Users/apprentice/Desktop/Team_Ken/neo4j/system/lib/jersey-multipart-1.9.jar
2014-04-11 00:58:42.091+0000 INFO  [o.n.k.i.DiagnosticsManager]:  [classpath + loader.0] file:/Users/apprentice/Desktop/Team_Ken/neo4j/system/lib/bcprov-jdk16-140.jar
2014-04-11 00:58:42.091+0000 INFO  [o.n.k.i.DiagnosticsManager]:  [classpath + loader.0] file:/Users/apprentice/Desktop/Team_Ken/neo4j/lib/scala-library-2.10.3.jar
2014-04-11 00:58:42.091+0000 INFO  [o.n.k.i.DiagnosticsManager]:  [bootstrap] /Library/Java/JavaVirtualMachines/jdk1.7.0_51.jdk/Contents/Home/jre/lib/jfr.jar
2014-04-11 00:58:42.091+0000 INFO  [o.n.k.i.DiagnosticsManager]:  [classpath + loader.0] file:/Users/apprentice/Desktop/Team_Ken/neo4j/system/lib/javax.servlet-3.0.0.v201112011016.jar
2014-04-11 00:58:42.091+0000 INFO  [o.n.k.i.DiagnosticsManager]:  [classpath + loader.0] file:/Users/apprentice/Desktop/Team_Ken/neo4j/system/lib/commons-configuration-1.6.jar
2014-04-11 00:58:42.091+0000 INFO  [o.n.k.i.DiagnosticsManager]:  [loader.1] file:/System/Library/Java/Extensions/libQTJNative.jnilib
2014-04-11 00:58:42.091+0000 INFO  [o.n.k.i.DiagnosticsManager]:  [classpath + loader.0] file:/Users/apprentice/Desktop/Team_Ken/neo4j/system/lib/commons-collections-3.2.1.jar
2014-04-11 00:58:42.091+0000 INFO  [o.n.k.i.DiagnosticsManager]:  [classpath + loader.0] file:/Users/apprentice/Desktop/Team_Ken/neo4j/lib/neo4j-shell-2.0.1.jar
2014-04-11 00:58:42.091+0000 INFO  [o.n.k.i.DiagnosticsManager]:  [classpath + loader.0] file:/Users/apprentice/Desktop/Team_Ken/neo4j/lib/neo4j-cypher-2.0.1.jar
2014-04-11 00:58:42.091+0000 INFO  [o.n.k.i.DiagnosticsManager]:  [classpath + loader.0] file:/Users/apprentice/Desktop/Team_Ken/neo4j/system/lib/neo4j-server-2.0.1.jar
2014-04-11 00:58:42.091+0000 INFO  [o.n.k.i.DiagnosticsManager]:  [classpath + loader.0] file:/Users/apprentice/Desktop/Team_Ken/neo4j/lib/lucene-core-3.6.2.jar
2014-04-11 00:58:42.092+0000 INFO  [o.n.k.i.DiagnosticsManager]:  [loader.1] file:/Library/Java/JavaVirtualMachines/jdk1.7.0_51.jdk/Contents/Home/jre/lib/ext/sunpkcs11.jar
2014-04-11 00:58:42.092+0000 INFO  [o.n.k.i.DiagnosticsManager]:  [bootstrap] /Library/Java/JavaVirtualMachines/jdk1.7.0_51.jdk/Contents/Home/jre/lib/jsse.jar
2014-04-11 00:58:42.092+0000 INFO  [o.n.k.i.DiagnosticsManager]:  [classpath + loader.0] file:/Users/apprentice/Desktop/Team_Ken/neo4j/system/lib/jackson-core-asl-1.9.7.jar
2014-04-11 00:58:42.092+0000 INFO  [o.n.k.i.DiagnosticsManager]:  [classpath + loader.0] file:/Users/apprentice/Desktop/Team_Ken/neo4j/system/lib/jsr311-api-1.1.2.r612.jar
2014-04-11 00:58:42.092+0000 INFO  [o.n.k.i.DiagnosticsManager]:  [loader.1] file:/Library/Java/JavaVirtualMachines/jdk1.7.0_51.jdk/Contents/Home/jre/lib/ext/zipfs.jar
2014-04-11 00:58:42.092+0000 INFO  [o.n.k.i.DiagnosticsManager]:  [classpath + loader.0] file:/Users/apprentice/Desktop/Team_Ken/neo4j/system/lib/jackson-jaxrs-1.9.7.jar
2014-04-11 00:58:42.092+0000 INFO  [o.n.k.i.DiagnosticsManager]:  [classpath + loader.0] file:/Users/apprentice/Desktop/Team_Ken/neo4j/system/lib/jersey-core-1.9.jar
2014-04-11 00:58:42.092+0000 INFO  [o.n.k.i.DiagnosticsManager]:  [bootstrap] /Library/Java/JavaVirtualMachines/jdk1.7.0_51.jdk/Contents/Home/jre/classes
2014-04-11 00:58:42.092+0000 INFO  [o.n.k.i.DiagnosticsManager]:  [classpath + loader.0] file:/Users/apprentice/Desktop/Team_Ken/neo4j/system/lib/logback-classic-1.0.9.jar
2014-04-11 00:58:42.092+0000 INFO  [o.n.k.i.DiagnosticsManager]:  [classpath + loader.0] file:/Users/apprentice/Desktop/Team_Ken/neo4j/system/lib/commons-io-1.4.jar
2014-04-11 00:58:42.092+0000 INFO  [o.n.k.i.DiagnosticsManager]:  [loader.1] file:/Library/Java/JavaVirtualMachines/jdk1.7.0_51.jdk/Contents/Home/jre/lib/ext/sunjce_provider.jar
2014-04-11 00:58:42.092+0000 INFO  [o.n.k.i.DiagnosticsManager]:  [classpath + loader.0] file:/Users/apprentice/Desktop/Team_Ken/neo4j/system/lib/jcl-over-slf4j-1.6.1.jar
2014-04-11 00:58:42.092+0000 INFO  [o.n.k.i.DiagnosticsManager]:  [classpath + loader.0] file:/Users/apprentice/Desktop/Team_Ken/neo4j/lib/org.apache.servicemix.bundles.jline-0.9.94_1.jar
2014-04-11 00:58:42.092+0000 INFO  [o.n.k.i.DiagnosticsManager]:  [classpath + loader.0] file:/Users/apprentice/Desktop/Team_Ken/neo4j/lib/neo4j-jmx-2.0.1.jar
2014-04-11 00:58:42.092+0000 INFO  [o.n.k.i.DiagnosticsManager]:  [classpath + loader.0] file:/Users/apprentice/Desktop/Team_Ken/neo4j/system/lib/slf4j-api-1.6.2.jar
2014-04-11 00:58:42.093+0000 INFO  [o.n.k.i.DiagnosticsManager]:  [classpath + loader.0] file:/Users/apprentice/Desktop/Team_Ken/neo4j/system/lib/logback-access-1.0.9.jar
2014-04-11 00:58:42.093+0000 INFO  [o.n.k.i.DiagnosticsManager]:  [classpath + loader.0] file:/Users/apprentice/Desktop/Team_Ken/neo4j/system/lib/jetty-util-9.0.5.v20130815.jar
2014-04-11 00:58:42.093+0000 INFO  [o.n.k.i.DiagnosticsManager]:  [bootstrap] /Library/Java/JavaVirtualMachines/jdk1.7.0_51.jdk/Contents/Home/jre/lib/resources.jar
2014-04-11 00:58:42.093+0000 INFO  [o.n.k.i.DiagnosticsManager]:  [classpath + loader.0] file:/Users/apprentice/Desktop/Team_Ken/neo4j/conf/
2014-04-11 00:58:42.093+0000 INFO  [o.n.k.i.DiagnosticsManager]:  [classpath + loader.0] file:/Users/apprentice/Desktop/Team_Ken/neo4j/system/lib/rrd4j-2.0.7.jar
2014-04-11 00:58:42.093+0000 INFO  [o.n.k.i.DiagnosticsManager]:  [classpath + loader.0] file:/Users/apprentice/Desktop/Team_Ken/neo4j/lib/geronimo-jta_1.1_spec-1.1.1.jar
2014-04-11 00:58:42.093+0000 INFO  [o.n.k.i.DiagnosticsManager]:  [classpath + loader.0] file:/Users/apprentice/Desktop/Team_Ken/neo4j/system/lib/commons-compiler-2.6.1.jar
2014-04-11 00:58:42.093+0000 INFO  [o.n.k.i.DiagnosticsManager]:  [classpath + loader.0] file:/Users/apprentice/Desktop/Team_Ken/neo4j/lib/neo4j-cypher-compiler-2.0-2.0.1.jar
2014-04-11 00:58:42.093+0000 INFO  [o.n.k.i.DiagnosticsManager]:  [classpath + loader.0] file:/Users/apprentice/Desktop/Team_Ken/neo4j/system/lib/commons-beanutils-core-1.8.0.jar
2014-04-11 00:58:42.093+0000 INFO  [o.n.k.i.DiagnosticsManager]:  [loader.1] file:/Library/Java/JavaVirtualMachines/jdk1.7.0_51.jdk/Contents/Home/jre/lib/ext/dnsns.jar
2014-04-11 00:58:42.093+0000 INFO  [o.n.k.i.DiagnosticsManager]:  [classpath + loader.0] file:/Users/apprentice/Desktop/Team_Ken/neo4j/system/lib/commons-beanutils-1.8.0.jar
2014-04-11 00:58:42.093+0000 INFO  [o.n.k.i.DiagnosticsManager]:  [classpath + loader.0] file:/Users/apprentice/Desktop/Team_Ken/neo4j/system/lib/jetty-security-9.0.5.v20130815.jar
2014-04-11 00:58:42.093+0000 INFO  [o.n.k.i.DiagnosticsManager]:  [bootstrap] /Library/Java/JavaVirtualMachines/jdk1.7.0_51.jdk/Contents/Home/jre/lib/rt.jar
2014-04-11 00:58:42.093+0000 INFO  [o.n.k.i.DiagnosticsManager]:  [classpath + loader.0] file:/Users/apprentice/Desktop/Team_Ken/neo4j/system/lib/jackson-mapper-asl-1.9.7.jar
2014-04-11 00:58:42.093+0000 INFO  [o.n.k.i.DiagnosticsManager]:  [classpath + loader.0] file:/Users/apprentice/Desktop/Team_Ken/neo4j/system/lib/jetty-http-9.0.5.v20130815.jar
2014-04-11 00:58:42.094+0000 INFO  [o.n.k.i.DiagnosticsManager]:  [classpath + loader.0] file:/Users/apprentice/Desktop/Team_Ken/neo4j/system/lib/commons-lang-2.4.jar
2014-04-11 00:58:42.094+0000 INFO  [o.n.k.i.DiagnosticsManager]:  [classpath + loader.0] file:/Users/apprentice/Desktop/Team_Ken/neo4j/system/lib/jetty-webapp-9.0.5.v20130815.jar
2014-04-11 00:58:42.094+0000 INFO  [o.n.k.i.DiagnosticsManager]:  [classpath + loader.0] file:/Users/apprentice/Desktop/Team_Ken/neo4j/system/lib/janino-2.6.1.jar
2014-04-11 00:58:42.094+0000 INFO  [o.n.k.i.DiagnosticsManager]:  [classpath + loader.0] file:/Users/apprentice/Desktop/Team_Ken/neo4j/system/lib/rhino-1.7R3.jar
2014-04-11 00:58:42.094+0000 INFO  [o.n.k.i.DiagnosticsManager]:  [classpath + loader.0] file:/Users/apprentice/Desktop/Team_Ken/neo4j/system/lib/jetty-xml-9.0.5.v20130815.jar
2014-04-11 00:58:42.094+0000 INFO  [o.n.k.i.DiagnosticsManager]:  [classpath + loader.0] file:/Users/apprentice/Desktop/Team_Ken/neo4j/lib/neo4j-cypher-commons-2.0.1.jar
2014-04-11 00:58:42.094+0000 INFO  [o.n.k.i.DiagnosticsManager]: Library path:
2014-04-11 00:58:42.094+0000 INFO  [o.n.k.i.DiagnosticsManager]: /Users/apprentice/Library/Java/Extensions
2014-04-11 00:58:42.094+0000 INFO  [o.n.k.i.DiagnosticsManager]: /Library/Java/Extensions
2014-04-11 00:58:42.095+0000 INFO  [o.n.k.i.DiagnosticsManager]: /Network/Library/Java/Extensions
2014-04-11 00:58:42.095+0000 INFO  [o.n.k.i.DiagnosticsManager]: /System/Library/Java/Extensions
2014-04-11 00:58:42.095+0000 INFO  [o.n.k.i.DiagnosticsManager]: /usr/lib/java
2014-04-11 00:58:42.095+0000 INFO  [o.n.k.i.DiagnosticsManager]: /Users/apprentice/Desktop/Team_Ken/neo4j
2014-04-11 00:58:42.095+0000 INFO  [o.n.k.i.DiagnosticsManager]: System.properties:
2014-04-11 00:58:42.096+0000 INFO  [o.n.k.i.DiagnosticsManager]: sun.boot.library.path = /Library/Java/JavaVirtualMachines/jdk1.7.0_51.jdk/Contents/Home/jre/lib
2014-04-11 00:58:42.096+0000 INFO  [o.n.k.i.DiagnosticsManager]: org.neo4j.server.properties = conf/neo4j-server.properties
2014-04-11 00:58:42.096+0000 INFO  [o.n.k.i.DiagnosticsManager]: gopherProxySet = false
2014-04-11 00:58:42.096+0000 INFO  [o.n.k.i.DiagnosticsManager]: path.separator = :
2014-04-11 00:58:42.096+0000 INFO  [o.n.k.i.DiagnosticsManager]: file.encoding.pkg = sun.io
2014-04-11 00:58:42.096+0000 INFO  [o.n.k.i.DiagnosticsManager]: user.country = US
2014-04-11 00:58:42.098+0000 INFO  [o.n.k.i.DiagnosticsManager]: sun.java.launcher = SUN_STANDARD
2014-04-11 00:58:42.099+0000 INFO  [o.n.k.i.DiagnosticsManager]: sun.os.patch.level = unknown
2014-04-11 00:58:42.099+0000 INFO  [o.n.k.i.DiagnosticsManager]: user.dir = /Users/apprentice/Desktop/Team_Ken/neo4j
2014-04-11 00:58:42.099+0000 INFO  [o.n.k.i.DiagnosticsManager]: log4j.configuration = file:conf/log4j.properties
2014-04-11 00:58:42.099+0000 INFO  [o.n.k.i.DiagnosticsManager]: sun.jnu.encoding = UTF-8
2014-04-11 00:58:42.099+0000 INFO  [o.n.k.i.DiagnosticsManager]: sun.management.compiler = HotSpot 64-Bit Tiered Compilers
2014-04-11 00:58:42.099+0000 INFO  [o.n.k.i.DiagnosticsManager]: http.nonProxyHosts = local|*.local|169.254/16|*.169.254/16
2014-04-11 00:58:42.099+0000 INFO  [o.n.k.i.DiagnosticsManager]: user.home = /Users/apprentice
2014-04-11 00:58:42.099+0000 INFO  [o.n.k.i.DiagnosticsManager]: user.timezone = America/Chicago
2014-04-11 00:58:42.099+0000 INFO  [o.n.k.i.DiagnosticsManager]: file.encoding = UTF-8
2014-04-11 00:58:42.099+0000 INFO  [o.n.k.i.DiagnosticsManager]: user.name = apprentice
2014-04-11 00:58:42.099+0000 INFO  [o.n.k.i.DiagnosticsManager]: sun.java.command = org.neo4j.server.Bootstrapper
2014-04-11 00:58:42.099+0000 INFO  [o.n.k.i.DiagnosticsManager]: sun.arch.data.model = 64
2014-04-11 00:58:42.099+0000 INFO  [o.n.k.i.DiagnosticsManager]: user.language = en
2014-04-11 00:58:42.099+0000 INFO  [o.n.k.i.DiagnosticsManager]: awt.toolkit = sun.lwawt.macosx.LWCToolkit
2014-04-11 00:58:42.099+0000 INFO  [o.n.k.i.DiagnosticsManager]: file.separator = /
2014-04-11 00:58:42.099+0000 INFO  [o.n.k.i.DiagnosticsManager]: sun.io.unicode.encoding = UnicodeBig
2014-04-11 00:58:42.099+0000 INFO  [o.n.k.i.DiagnosticsManager]: sun.cpu.endian = little
2014-04-11 00:58:42.099+0000 INFO  [o.n.k.i.DiagnosticsManager]: socksNonProxyHosts = local|*.local|169.254/16|*.169.254/16
2014-04-11 00:58:42.100+0000 INFO  [o.n.k.i.DiagnosticsManager]: neo4j.instance = /Users/apprentice/desktop/Team_Ken/neo4j
2014-04-11 00:58:42.100+0000 INFO  [o.n.k.i.DiagnosticsManager]: ftp.nonProxyHosts = local|*.local|169.254/16|*.169.254/16
2014-04-11 00:58:42.100+0000 INFO  [o.n.k.i.DiagnosticsManager]: neo4j.home = /Users/apprentice/desktop/Team_Ken/neo4j
2014-04-11 00:58:42.100+0000 INFO  [o.n.k.i.DiagnosticsManager]: sun.cpu.isalist = 
2014-04-11 00:58:42.100+0000 INFO  [o.n.k.i.DiagnosticsManager]: Network information:
2014-04-11 00:58:42.102+0000 INFO  [o.n.k.i.DiagnosticsManager]: Interface en1:
2014-04-11 00:58:42.103+0000 INFO  [o.n.k.i.DiagnosticsManager]:     address: fe80:0:0:0:2acf:e9ff:fe09:18a3%5
2014-04-11 00:58:42.103+0000 INFO  [o.n.k.i.DiagnosticsManager]:     address: 192.168.1.238
2014-04-11 00:58:42.103+0000 INFO  [o.n.k.i.DiagnosticsManager]: Interface lo0:
2014-04-11 00:58:42.103+0000 INFO  [o.n.k.i.DiagnosticsManager]:     address: fe80:0:0:0:0:0:0:1%1
2014-04-11 00:58:42.103+0000 INFO  [o.n.k.i.DiagnosticsManager]:     address: 0:0:0:0:0:0:0:1
2014-04-11 00:58:42.103+0000 INFO  [o.n.k.i.DiagnosticsManager]:     address: 127.0.0.1
2014-04-11 00:58:42.103+0000 INFO  [o.n.k.i.DiagnosticsManager]: --- INITIALIZED diagnostics END ---
2014-04-11 00:58:42.304+0000 INFO  [o.n.k.i.n.s.StoreFactory]: Creating new db @ /Users/apprentice/Desktop/Team_Ken/neo4j/data/graph.db/neostore
2014-04-11 00:58:42.421+0000 INFO  [o.n.k.i.n.s.StoreFactory]: [/Users/apprentice/Desktop/Team_Ken/neo4j/data/graph.db/neostore.relationshiptypestore.db.names] brickCount=0 brickSize=0b mappedMem=0b (storeSize=38b)
2014-04-11 00:58:42.424+0000 INFO  [o.n.k.i.n.s.StoreFactory]: [/Users/apprentice/Desktop/Team_Ken/neo4j/data/graph.db/neostore.relationshiptypestore.db] brickCount=0 brickSize=0b mappedMem=0b (storeSize=0b)
2014-04-11 00:58:42.424+0000 INFO  [o.n.k.i.n.s.StoreFactory]: /Users/apprentice/Desktop/Team_Ken/neo4j/data/graph.db/neostore.relationshiptypestore.db.names hit=0 miss=0 switches=0 ooe=0
2014-04-11 00:58:42.426+0000 INFO  [o.n.k.i.n.s.StoreFactory]: /Users/apprentice/Desktop/Team_Ken/neo4j/data/graph.db/neostore.relationshiptypestore.db hit=0 miss=0 switches=0 ooe=0
2014-04-11 00:58:42.429+0000 INFO  [o.n.k.i.n.s.StoreFactory]: [/Users/apprentice/Desktop/Team_Ken/neo4j/data/graph.db/neostore.labeltokenstore.db.names] brickCount=0 brickSize=0b mappedMem=0b (storeSize=38b)
2014-04-11 00:58:42.431+0000 INFO  [o.n.k.i.n.s.StoreFactory]: [/Users/apprentice/Desktop/Team_Ken/neo4j/data/graph.db/neostore.labeltokenstore.db] brickCount=0 brickSize=0b mappedMem=0b (storeSize=0b)
2014-04-11 00:58:42.432+0000 INFO  [o.n.k.i.n.s.StoreFactory]: /Users/apprentice/Desktop/Team_Ken/neo4j/data/graph.db/neostore.labeltokenstore.db.names hit=0 miss=0 switches=0 ooe=0
2014-04-11 00:58:42.432+0000 INFO  [o.n.k.i.n.s.StoreFactory]: /Users/apprentice/Desktop/Team_Ken/neo4j/data/graph.db/neostore.labeltokenstore.db hit=0 miss=0 switches=0 ooe=0
2014-04-11 00:58:42.437+0000 INFO  [o.n.k.i.n.s.StoreFactory]: [/Users/apprentice/Desktop/Team_Ken/neo4j/data/graph.db/neostore.relationshiptypestore.db.names] brickCount=0 brickSize=0b mappedMem=0b (storeSize=38b)
2014-04-11 00:58:42.438+0000 INFO  [o.n.k.i.n.s.StoreFactory]: [/Users/apprentice/Desktop/Team_Ken/neo4j/data/graph.db/neostore.relationshiptypestore.db] brickCount=0 brickSize=0b mappedMem=0b (storeSize=0b)
2014-04-11 00:58:42.438+0000 INFO  [o.n.k.i.n.s.StoreFactory]: [/Users/apprentice/Desktop/Team_Ken/neo4j/data/graph.db/neostore.labeltokenstore.db.names] brickCount=0 brickSize=0b mappedMem=0b (storeSize=38b)
2014-04-11 00:58:42.439+0000 INFO  [o.n.k.i.n.s.StoreFactory]: [/Users/apprentice/Desktop/Team_Ken/neo4j/data/graph.db/neostore.labeltokenstore.db] brickCount=0 brickSize=0b mappedMem=0b (storeSize=0b)
2014-04-11 00:58:42.439+0000 INFO  [o.n.k.i.n.s.StoreFactory]: [/Users/apprentice/Desktop/Team_Ken/neo4j/data/graph.db/neostore.propertystore.db.strings] brickCount=0 brickSize=572416b mappedMem=572522496b (storeSize=128b)
2014-04-11 00:58:42.440+0000 INFO  [o.n.k.i.n.s.StoreFactory]: [/Users/apprentice/Desktop/Team_Ken/neo4j/data/graph.db/neostore.propertystore.db.index.keys] brickCount=0 brickSize=0b mappedMem=0b (storeSize=38b)
2014-04-11 00:58:42.441+0000 INFO  [o.n.k.i.n.s.StoreFactory]: [/Users/apprentice/Desktop/Team_Ken/neo4j/data/graph.db/neostore.propertystore.db.index] brickCount=0 brickSize=0b mappedMem=0b (storeSize=0b)
2014-04-11 00:58:42.442+0000 INFO  [o.n.k.i.n.s.StoreFactory]: [/Users/apprentice/Desktop/Team_Ken/neo4j/data/graph.db/neostore.propertystore.db.arrays] brickCount=0 brickSize=648960b mappedMem=649068544b (storeSize=128b)
2014-04-11 00:58:42.447+0000 INFO  [o.n.k.i.n.s.StoreFactory]: [/Users/apprentice/Desktop/Team_Ken/neo4j/data/graph.db/neostore.propertystore.db] brickCount=0 brickSize=6742327b mappedMem=674234368b (storeSize=0b)
2014-04-11 00:58:42.450+0000 INFO  [o.n.k.i.n.s.StoreFactory]: [/Users/apprentice/Desktop/Team_Ken/neo4j/data/graph.db/neostore.relationshipstore.db] brickCount=0 brickSize=8252277b mappedMem=825229312b (storeSize=0b)
2014-04-11 00:58:42.450+0000 INFO  [o.n.k.i.n.s.StoreFactory]: [/Users/apprentice/Desktop/Team_Ken/neo4j/data/graph.db/neostore.nodestore.db.labels] brickCount=0 brickSize=0b mappedMem=0b (storeSize=68b)
2014-04-11 00:58:42.453+0000 INFO  [o.n.k.i.n.s.StoreFactory]: [/Users/apprentice/Desktop/Team_Ken/neo4j/data/graph.db/neostore.nodestore.db] brickCount=0 brickSize=1866452b mappedMem=186646528b (storeSize=0b)
2014-04-11 00:58:42.453+0000 INFO  [o.n.k.i.n.s.StoreFactory]: [/Users/apprentice/Desktop/Team_Ken/neo4j/data/graph.db/neostore.schemastore.db] brickCount=0 brickSize=0b mappedMem=0b (storeSize=64b)
2014-04-11 00:58:42.454+0000 INFO  [o.n.k.i.n.s.StoreFactory]: [/Users/apprentice/Desktop/Team_Ken/neo4j/data/graph.db/neostore] brickCount=0 brickSize=0b mappedMem=0b (storeSize=0b)
2014-04-11 00:58:42.463+0000 INFO  [o.n.k.i.n.s.StoreFactory]: /Users/apprentice/Desktop/Team_Ken/neo4j/data/graph.db/neostore.relationshiptypestore.db.names hit=0 miss=0 switches=0 ooe=0
2014-04-11 00:58:42.465+0000 INFO  [o.n.k.i.n.s.StoreFactory]: /Users/apprentice/Desktop/Team_Ken/neo4j/data/graph.db/neostore.relationshiptypestore.db hit=0 miss=0 switches=0 ooe=0
2014-04-11 00:58:42.465+0000 INFO  [o.n.k.i.n.s.StoreFactory]: /Users/apprentice/Desktop/Team_Ken/neo4j/data/graph.db/neostore.labeltokenstore.db.names hit=0 miss=0 switches=0 ooe=0
2014-04-11 00:58:42.466+0000 INFO  [o.n.k.i.n.s.StoreFactory]: /Users/apprentice/Desktop/Team_Ken/neo4j/data/graph.db/neostore.labeltokenstore.db hit=0 miss=0 switches=0 ooe=0
2014-04-11 00:58:42.467+0000 INFO  [o.n.k.i.n.s.StoreFactory]: /Users/apprentice/Desktop/Team_Ken/neo4j/data/graph.db/neostore.propertystore.db.strings hit=0 miss=0 switches=0 ooe=0
2014-04-11 00:58:42.469+0000 INFO  [o.n.k.i.n.s.StoreFactory]: /Users/apprentice/Desktop/Team_Ken/neo4j/data/graph.db/neostore.propertystore.db.index.keys hit=0 miss=0 switches=0 ooe=0
2014-04-11 00:58:42.470+0000 INFO  [o.n.k.i.n.s.StoreFactory]: /Users/apprentice/Desktop/Team_Ken/neo4j/data/graph.db/neostore.propertystore.db.index hit=0 miss=0 switches=0 ooe=0
2014-04-11 00:58:42.471+0000 INFO  [o.n.k.i.n.s.StoreFactory]: /Users/apprentice/Desktop/Team_Ken/neo4j/data/graph.db/neostore.propertystore.db.arrays hit=0 miss=0 switches=0 ooe=0
2014-04-11 00:58:42.472+0000 INFO  [o.n.k.i.n.s.StoreFactory]: /Users/apprentice/Desktop/Team_Ken/neo4j/data/graph.db/neostore.propertystore.db hit=0 miss=0 switches=0 ooe=0
2014-04-11 00:58:42.473+0000 INFO  [o.n.k.i.n.s.StoreFactory]: /Users/apprentice/Desktop/Team_Ken/neo4j/data/graph.db/neostore.relationshipstore.db hit=0 miss=0 switches=0 ooe=0
2014-04-11 00:58:42.474+0000 INFO  [o.n.k.i.n.s.StoreFactory]: /Users/apprentice/Desktop/Team_Ken/neo4j/data/graph.db/neostore.nodestore.db.labels hit=0 miss=0 switches=0 ooe=0
2014-04-11 00:58:42.476+0000 INFO  [o.n.k.i.n.s.StoreFactory]: /Users/apprentice/Desktop/Team_Ken/neo4j/data/graph.db/neostore.nodestore.db hit=0 miss=0 switches=0 ooe=0
2014-04-11 00:58:42.478+0000 INFO  [o.n.k.i.n.s.StoreFactory]: /Users/apprentice/Desktop/Team_Ken/neo4j/data/graph.db/neostore.schemastore.db hit=0 miss=0 switches=0 ooe=0
2014-04-11 00:58:42.479+0000 INFO  [o.n.k.i.n.s.StoreFactory]: /Users/apprentice/Desktop/Team_Ken/neo4j/data/graph.db/neostore hit=0 miss=8 switches=0 ooe=0
2014-04-11 00:58:42.484+0000 INFO  [o.n.k.i.n.s.StoreFactory]: [/Users/apprentice/Desktop/Team_Ken/neo4j/data/graph.db/neostore.relationshiptypestore.db.names] brickCount=0 brickSize=0b mappedMem=0b (storeSize=38b)
2014-04-11 00:58:42.485+0000 INFO  [o.n.k.i.n.s.StoreFactory]: [/Users/apprentice/Desktop/Team_Ken/neo4j/data/graph.db/neostore.relationshiptypestore.db] brickCount=0 brickSize=0b mappedMem=0b (storeSize=0b)
2014-04-11 00:58:42.487+0000 INFO  [o.n.k.i.n.s.StoreFactory]: [/Users/apprentice/Desktop/Team_Ken/neo4j/data/graph.db/neostore.labeltokenstore.db.names] brickCount=0 brickSize=0b mappedMem=0b (storeSize=38b)
2014-04-11 00:58:42.488+0000 INFO  [o.n.k.i.n.s.StoreFactory]: [/Users/apprentice/Desktop/Team_Ken/neo4j/data/graph.db/neostore.labeltokenstore.db] brickCount=0 brickSize=0b mappedMem=0b (storeSize=0b)
2014-04-11 00:58:42.488+0000 INFO  [o.n.k.i.n.s.StoreFactory]: [/Users/apprentice/Desktop/Team_Ken/neo4j/data/graph.db/neostore.propertystore.db.strings] brickCount=0 brickSize=572416b mappedMem=572522496b (storeSize=128b)
2014-04-11 00:58:42.489+0000 INFO  [o.n.k.i.n.s.StoreFactory]: [/Users/apprentice/Desktop/Team_Ken/neo4j/data/graph.db/neostore.propertystore.db.index.keys] brickCount=0 brickSize=0b mappedMem=0b (storeSize=38b)
2014-04-11 00:58:42.489+0000 INFO  [o.n.k.i.n.s.StoreFactory]: [/Users/apprentice/Desktop/Team_Ken/neo4j/data/graph.db/neostore.propertystore.db.index] brickCount=0 brickSize=0b mappedMem=0b (storeSize=0b)
2014-04-11 00:58:42.490+0000 INFO  [o.n.k.i.n.s.StoreFactory]: [/Users/apprentice/Desktop/Team_Ken/neo4j/data/graph.db/neostore.propertystore.db.arrays] brickCount=0 brickSize=648960b mappedMem=649068544b (storeSize=128b)
2014-04-11 00:58:42.490+0000 INFO  [o.n.k.i.n.s.StoreFactory]: [/Users/apprentice/Desktop/Team_Ken/neo4j/data/graph.db/neostore.propertystore.db] brickCount=0 brickSize=6742327b mappedMem=674234368b (storeSize=0b)
2014-04-11 00:58:42.491+0000 INFO  [o.n.k.i.n.s.StoreFactory]: [/Users/apprentice/Desktop/Team_Ken/neo4j/data/graph.db/neostore.relationshipstore.db] brickCount=0 brickSize=8252277b mappedMem=825229312b (storeSize=0b)
2014-04-11 00:58:42.492+0000 INFO  [o.n.k.i.n.s.StoreFactory]: [/Users/apprentice/Desktop/Team_Ken/neo4j/data/graph.db/neostore.nodestore.db.labels] brickCount=0 brickSize=0b mappedMem=0b (storeSize=68b)
2014-04-11 00:58:42.492+0000 INFO  [o.n.k.i.n.s.StoreFactory]: [/Users/apprentice/Desktop/Team_Ken/neo4j/data/graph.db/neostore.nodestore.db] brickCount=0 brickSize=1866452b mappedMem=186646528b (storeSize=0b)
2014-04-11 00:58:42.493+0000 INFO  [o.n.k.i.n.s.StoreFactory]: [/Users/apprentice/Desktop/Team_Ken/neo4j/data/graph.db/neostore.schemastore.db] brickCount=0 brickSize=0b mappedMem=0b (storeSize=64b)
2014-04-11 00:58:42.494+0000 INFO  [o.n.k.i.n.s.StoreFactory]: [/Users/apprentice/Desktop/Team_Ken/neo4j/data/graph.db/neostore] brickCount=0 brickSize=0b mappedMem=0b (storeSize=63b)
2014-04-11 00:58:42.587+0000 INFO  [o.n.k.a.i.i.LuceneLabelScanStore]: No lucene scan store index found, this might just be first use. Preparing to rebuild.
2014-04-11 00:58:42.620+0000 INFO  [o.n.k.a.i.i.LuceneLabelScanStore]: No lucene scan store index found, this might just be first use. Preparing to rebuild.
2014-04-11 00:58:42.714+0000 INFO  [o.n.k.i.t.x.XaLogicalLog]: Opened logical log [/Users/apprentice/Desktop/Team_Ken/neo4j/data/graph.db/nioneo_logical.log.1] version=0, lastTxId=1 (clean)
2014-04-11 00:58:42.720+0000 INFO  [o.n.k.a.i.i.LuceneLabelScanStore]: Rebuilding lucene scan store, this may take a while
2014-04-11 00:58:42.721+0000 INFO  [o.n.k.a.i.i.LuceneLabelScanStore]: Lucene scan store rebuilt (roughly -1 nodes)
2014-04-11 00:58:42.725+0000 INFO  [o.n.k.i.t.TxManager]: TM new log: tm_tx_log.1
2014-04-11 00:58:42.745+0000 INFO  [o.n.k.i.t.x.XaLogicalLog]: Opened logical log [/Users/apprentice/Desktop/Team_Ken/neo4j/data/graph.db/index/lucene.log.1] version=0, lastTxId=1 (clean)
2014-04-11 00:58:42.750+0000 INFO  [o.n.k.i.DiagnosticsManager]: --- STARTED diagnostics for KernelDiagnostics:Versions START ---
2014-04-11 00:58:42.751+0000 INFO  [o.n.k.i.DiagnosticsManager]: Graph Database: org.neo4j.kernel.EmbeddedGraphDatabase StoreId[time:1397177922305, id:6596524419913355068, store version: 13843131341501958]
2014-04-11 00:58:42.751+0000 INFO  [o.n.k.i.DiagnosticsManager]: Kernel version: Neo4j - Graph Database Kernel (neo4j-kernel), version: 2.0.1
2014-04-11 00:58:42.751+0000 INFO  [o.n.k.i.DiagnosticsManager]: Neo4j component versions:
2014-04-11 00:58:42.760+0000 INFO  [o.n.k.i.DiagnosticsManager]:   Neo4j - Lucene Index (neo4j-lucene-index), version: 2.0.1; revision: 2.0.1:master:878/8bb63c9c059d8a491b7909e08da86a820c28d3a5
2014-04-11 00:58:42.761+0000 INFO  [o.n.k.i.DiagnosticsManager]:   Neo4j - JMX support (neo4j-jmx), version: 2.0.1; revision: 2.0.1:master:878/8bb63c9c059d8a491b7909e08da86a820c28d3a5
2014-04-11 00:58:42.761+0000 INFO  [o.n.k.i.DiagnosticsManager]:   Neo4j - Graph Matching (neo4j-graph-matching), version: 2.0.1; revision: 2.0.1:master:878/8bb63c9c059d8a491b7909e08da86a820c28d3a5
2014-04-11 00:58:42.761+0000 INFO  [o.n.k.i.DiagnosticsManager]:   Neo4j Server API (server-api), version: 2.0.1; revision: 2.0.1:master:878/8bb63c9c059d8a491b7909e08da86a820c28d3a5
2014-04-11 00:58:42.761+0000 INFO  [o.n.k.i.DiagnosticsManager]:   Neo4j - Graph Database Kernel (neo4j-kernel), version: 2.0.1; revision: 2.0.1:master:878/8bb63c9c059d8a491b7909e08da86a820c28d3a5
2014-04-11 00:58:42.761+0000 INFO  [o.n.k.i.DiagnosticsManager]:   Neo4j - Cypher (neo4j-cypher), version: 2.0.1; revision: 2.0.1:master:878/8bb63c9c059d8a491b7909e08da86a820c28d3a5
2014-04-11 00:58:42.761+0000 INFO  [o.n.k.i.DiagnosticsManager]:   Neo4j Server (neo4j-server), version: 2.0.1; revision: 2.0.1:master:878/8bb63c9c059d8a491b7909e08da86a820c28d3a5
2014-04-11 00:58:42.761+0000 INFO  [o.n.k.i.DiagnosticsManager]:   Neo4j - Graph Algorithms (neo4j-graph-algo), version: 2.0.1; revision: 2.0.1:master:878/8bb63c9c059d8a491b7909e08da86a820c28d3a5
2014-04-11 00:58:42.761+0000 INFO  [o.n.k.i.DiagnosticsManager]:   Neo4j - Cypher Compiler 2.0 (neo4j-cypher-compiler-2.0), version: 2.0.1; revision: 2.0.1:master:878/8bb63c9c059d8a491b7909e08da86a820c28d3a5
2014-04-11 00:58:42.761+0000 INFO  [o.n.k.i.DiagnosticsManager]:   Neo4j - Generic shell (neo4j-shell), version: 2.0.1; revision: 2.0.1:master:878/8bb63c9c059d8a491b7909e08da86a820c28d3a5
2014-04-11 00:58:42.761+0000 INFO  [o.n.k.i.DiagnosticsManager]:   Neo4j - Cypher Compiler 1.9 (neo4j-cypher-compiler-1.9), version: 2.0.1; revision: 2.0.1:master:878/8bb63c9c059d8a491b7909e08da86a820c28d3a5
2014-04-11 00:58:42.761+0000 INFO  [o.n.k.i.DiagnosticsManager]:   neo4j-udc, version: 2.0.1; revision: 2.0.1:master:878/8bb63c9c059d8a491b7909e08da86a820c28d3a5
2014-04-11 00:58:42.761+0000 INFO  [o.n.k.i.DiagnosticsManager]:   Neo4j - Cypher Commons (neo4j-cypher-commons), version: 2.0.1; revision: 2.0.1:master:878/8bb63c9c059d8a491b7909e08da86a820c28d3a5
2014-04-11 00:58:42.762+0000 INFO  [o.n.k.i.DiagnosticsManager]: --- STARTED diagnostics for KernelDiagnostics:Versions END ---
2014-04-11 00:58:42.765+0000 INFO  [o.n.k.i.DiagnosticsManager]: --- STARTED diagnostics for NEO_STORE_VERSIONS START ---
2014-04-11 00:58:42.765+0000 INFO  [o.n.k.i.DiagnosticsManager]: Store versions:
2014-04-11 00:58:42.765+0000 INFO  [o.n.k.i.DiagnosticsManager]: Store versions:
2014-04-11 00:58:42.765+0000 INFO  [o.n.k.i.DiagnosticsManager]:   NeoStore v0.A.1
2014-04-11 00:58:42.765+0000 INFO  [o.n.k.i.DiagnosticsManager]:   SchemaStore v0.A.1
2014-04-11 00:58:42.765+0000 INFO  [o.n.k.i.DiagnosticsManager]:   NodeStore v0.A.1
2014-04-11 00:58:42.765+0000 INFO  [o.n.k.i.DiagnosticsManager]:   RelationshipStore v0.A.1
2014-04-11 00:58:42.765+0000 INFO  [o.n.k.i.DiagnosticsManager]:   RelationshipTypeStore v0.A.1
2014-04-11 00:58:42.765+0000 INFO  [o.n.k.i.DiagnosticsManager]:   LabelTokenStore v0.A.1
2014-04-11 00:58:42.766+0000 INFO  [o.n.k.i.DiagnosticsManager]:   PropertyStore v0.A.1
2014-04-11 00:58:42.766+0000 INFO  [o.n.k.i.DiagnosticsManager]:   PropertyIndexStore v0.A.1
2014-04-11 00:58:42.766+0000 INFO  [o.n.k.i.DiagnosticsManager]:   StringPropertyStore v0.A.1
2014-04-11 00:58:42.766+0000 INFO  [o.n.k.i.DiagnosticsManager]:   ArrayPropertyStore v0.A.1
2014-04-11 00:58:42.766+0000 INFO  [o.n.k.i.DiagnosticsManager]: --- STARTED diagnostics for NEO_STORE_VERSIONS END ---
2014-04-11 00:58:42.766+0000 INFO  [o.n.k.i.DiagnosticsManager]: --- STARTED diagnostics for NEO_STORE_ID_USAGE START ---
2014-04-11 00:58:42.766+0000 INFO  [o.n.k.i.DiagnosticsManager]: Id usage:
2014-04-11 00:58:42.766+0000 INFO  [o.n.k.i.DiagnosticsManager]: Id usage:
2014-04-11 00:58:42.766+0000 INFO  [o.n.k.i.DiagnosticsManager]:   SchemaStore: used=1 high=0
2014-04-11 00:58:42.766+0000 INFO  [o.n.k.i.DiagnosticsManager]:   NodeStore: used=0 high=-1
2014-04-11 00:58:42.767+0000 INFO  [o.n.k.i.DiagnosticsManager]:   RelationshipStore: used=0 high=-1
2014-04-11 00:58:42.767+0000 INFO  [o.n.k.i.DiagnosticsManager]:   RelationshipTypeStore: used=0 high=-1
2014-04-11 00:58:42.767+0000 INFO  [o.n.k.i.DiagnosticsManager]:   LabelTokenStore: used=0 high=-1
2014-04-11 00:58:42.767+0000 INFO  [o.n.k.i.DiagnosticsManager]:   PropertyStore: used=0 high=-1
2014-04-11 00:58:42.767+0000 INFO  [o.n.k.i.DiagnosticsManager]:   PropertyIndexStore: used=0 high=-1
2014-04-11 00:58:42.767+0000 INFO  [o.n.k.i.DiagnosticsManager]:   StringPropertyStore: used=1 high=0
2014-04-11 00:58:42.767+0000 INFO  [o.n.k.i.DiagnosticsManager]:   ArrayPropertyStore: used=1 high=0
2014-04-11 00:58:42.767+0000 INFO  [o.n.k.i.DiagnosticsManager]: --- STARTED diagnostics for NEO_STORE_ID_USAGE END ---
2014-04-11 00:58:42.767+0000 INFO  [o.n.k.i.DiagnosticsManager]: --- STARTED diagnostics for PERSISTENCE_WINDOW_POOL_STATS START ---
2014-04-11 00:58:42.767+0000 INFO  [o.n.k.i.DiagnosticsManager]: --- STARTED diagnostics for PERSISTENCE_WINDOW_POOL_STATS END ---
2014-04-11 00:58:42.768+0000 INFO  [o.n.k.i.DiagnosticsManager]: --- STARTED diagnostics for KernelDiagnostics:StoreFiles START ---
2014-04-11 00:58:42.768+0000 INFO  [o.n.k.i.DiagnosticsManager]: Disk space on partition (Total / Free / Free %): 499113885696 / 471610753024 / 94
Storage files: (filename : modification date - size)
2014-04-11 00:58:42.769+0000 INFO  [o.n.k.i.DiagnosticsManager]:   active_tx_log: 2014-04-10T19:58:42-0500 - 11.00 B
2014-04-11 00:58:42.769+0000 INFO  [o.n.k.i.DiagnosticsManager]:   index:
2014-04-11 00:58:42.769+0000 INFO  [o.n.k.i.DiagnosticsManager]:     lucene-store.db: 2014-04-10T19:58:42-0500 - 40.00 B
2014-04-11 00:58:42.770+0000 INFO  [o.n.k.i.DiagnosticsManager]:     lucene.log.1: 2014-04-10T19:58:42-0500 - 16.00 B
2014-04-11 00:58:42.770+0000 INFO  [o.n.k.i.DiagnosticsManager]:     lucene.log.active: 2014-04-10T19:58:42-0500 - 4.00 B
2014-04-11 00:58:42.770+0000 INFO  [o.n.k.i.DiagnosticsManager]:   - Total: 2014-04-10T19:58:42-0500 - 60.00 B
2014-04-11 00:58:42.771+0000 INFO  [o.n.k.i.DiagnosticsManager]:   lock: 2014-04-10T19:58:42-0500 - 0.00 B
2014-04-11 00:58:42.771+0000 INFO  [o.n.k.i.DiagnosticsManager]:   messages.log: 2014-04-10T19:58:42-0500 - 40.45 kB
2014-04-11 00:58:42.771+0000 INFO  [o.n.k.i.DiagnosticsManager]:   neostore: 2014-04-10T19:58:42-0500 - 63.00 B
2014-04-11 00:58:42.771+0000 INFO  [o.n.k.i.DiagnosticsManager]:   neostore.id: 2014-04-10T19:58:42-0500 - 9.00 B
2014-04-11 00:58:42.772+0000 INFO  [o.n.k.i.DiagnosticsManager]:   neostore.labeltokenstore.db: 2014-04-10T19:58:42-0500 - 0.00 B
2014-04-11 00:58:42.772+0000 INFO  [o.n.k.i.DiagnosticsManager]:   neostore.labeltokenstore.db.id: 2014-04-10T19:58:42-0500 - 9.00 B
2014-04-11 00:58:42.772+0000 INFO  [o.n.k.i.DiagnosticsManager]:   neostore.labeltokenstore.db.names: 2014-04-10T19:58:42-0500 - 38.00 B
2014-04-11 00:58:42.772+0000 INFO  [o.n.k.i.DiagnosticsManager]:   neostore.labeltokenstore.db.names.id: 2014-04-10T19:58:42-0500 - 9.00 B
2014-04-11 00:58:42.773+0000 INFO  [o.n.k.i.DiagnosticsManager]:   neostore.nodestore.db: 2014-04-10T19:58:42-0500 - 0.00 B
2014-04-11 00:58:42.773+0000 INFO  [o.n.k.i.DiagnosticsManager]:   neostore.nodestore.db.id: 2014-04-10T19:58:42-0500 - 9.00 B
2014-04-11 00:58:42.773+0000 INFO  [o.n.k.i.DiagnosticsManager]:   neostore.nodestore.db.labels: 2014-04-10T19:58:42-0500 - 68.00 B
2014-04-11 00:58:42.773+0000 INFO  [o.n.k.i.DiagnosticsManager]:   neostore.nodestore.db.labels.id: 2014-04-10T19:58:42-0500 - 9.00 B
2014-04-11 00:58:42.774+0000 INFO  [o.n.k.i.DiagnosticsManager]:   neostore.propertystore.db: 2014-04-10T19:58:42-0500 - 0.00 B
2014-04-11 00:58:42.774+0000 INFO  [o.n.k.i.DiagnosticsManager]:   neostore.propertystore.db.arrays: 2014-04-10T19:58:42-0500 - 128.00 B
2014-04-11 00:58:42.775+0000 INFO  [o.n.k.i.DiagnosticsManager]:   neostore.propertystore.db.arrays.id: 2014-04-10T19:58:42-0500 - 9.00 B
2014-04-11 00:58:42.775+0000 INFO  [o.n.k.i.DiagnosticsManager]:   neostore.propertystore.db.id: 2014-04-10T19:58:42-0500 - 9.00 B
2014-04-11 00:58:42.775+0000 INFO  [o.n.k.i.DiagnosticsManager]:   neostore.propertystore.db.index: 2014-04-10T19:58:42-0500 - 0.00 B
2014-04-11 00:58:42.775+0000 INFO  [o.n.k.i.DiagnosticsManager]:   neostore.propertystore.db.index.id: 2014-04-10T19:58:42-0500 - 9.00 B
2014-04-11 00:58:42.776+0000 INFO  [o.n.k.i.DiagnosticsManager]:   neostore.propertystore.db.index.keys: 2014-04-10T19:58:42-0500 - 38.00 B
2014-04-11 00:58:42.776+0000 INFO  [o.n.k.i.DiagnosticsManager]:   neostore.propertystore.db.index.keys.id: 2014-04-10T19:58:42-0500 - 9.00 B
2014-04-11 00:58:42.776+0000 INFO  [o.n.k.i.DiagnosticsManager]:   neostore.propertystore.db.strings: 2014-04-10T19:58:42-0500 - 128.00 B
2014-04-11 00:58:42.777+0000 INFO  [o.n.k.i.DiagnosticsManager]:   neostore.propertystore.db.strings.id: 2014-04-10T19:58:42-0500 - 9.00 B
2014-04-11 00:58:42.777+0000 INFO  [o.n.k.i.DiagnosticsManager]:   neostore.relationshipstore.db: 2014-04-10T19:58:42-0500 - 0.00 B
2014-04-11 00:58:42.777+0000 INFO  [o.n.k.i.DiagnosticsManager]:   neostore.relationshipstore.db.id: 2014-04-10T19:58:42-0500 - 9.00 B
2014-04-11 00:58:42.778+0000 INFO  [o.n.k.i.DiagnosticsManager]:   neostore.relationshiptypestore.db: 2014-04-10T19:58:42-0500 - 0.00 B
2014-04-11 00:58:42.778+0000 INFO  [o.n.k.i.DiagnosticsManager]:   neostore.relationshiptypestore.db.id: 2014-04-10T19:58:42-0500 - 9.00 B
2014-04-11 00:58:42.778+0000 INFO  [o.n.k.i.DiagnosticsManager]:   neostore.relationshiptypestore.db.names: 2014-04-10T19:58:42-0500 - 38.00 B
2014-04-11 00:58:42.779+0000 INFO  [o.n.k.i.DiagnosticsManager]:   neostore.relationshiptypestore.db.names.id: 2014-04-10T19:58:42-0500 - 9.00 B
2014-04-11 00:58:42.779+0000 INFO  [o.n.k.i.DiagnosticsManager]:   neostore.schemastore.db: 2014-04-10T19:58:42-0500 - 64.00 B
2014-04-11 00:58:42.780+0000 INFO  [o.n.k.i.DiagnosticsManager]:   neostore.schemastore.db.id: 2014-04-10T19:58:42-0500 - 9.00 B
2014-04-11 00:58:42.780+0000 INFO  [o.n.k.i.DiagnosticsManager]:   nioneo_logical.log.1: 2014-04-10T19:58:42-0500 - 16.00 B
2014-04-11 00:58:42.780+0000 INFO  [o.n.k.i.DiagnosticsManager]:   nioneo_logical.log.active: 2014-04-10T19:58:42-0500 - 4.00 B
2014-04-11 00:58:42.780+0000 INFO  [o.n.k.i.DiagnosticsManager]:   schema:
2014-04-11 00:58:42.781+0000 INFO  [o.n.k.i.DiagnosticsManager]:     label:
2014-04-11 00:58:42.781+0000 INFO  [o.n.k.i.DiagnosticsManager]:       lucene:
2014-04-11 00:58:42.781+0000 INFO  [o.n.k.i.DiagnosticsManager]:         write.lock: 2014-04-10T19:58:42-0500 - 0.00 B
2014-04-11 00:58:42.782+0000 INFO  [o.n.k.i.DiagnosticsManager]:       - Total: 2014-04-10T19:58:42-0500 - 0.00 B
2014-04-11 00:58:42.782+0000 INFO  [o.n.k.i.DiagnosticsManager]:     - Total: 2014-04-10T19:58:42-0500 - 0.00 B
2014-04-11 00:58:42.782+0000 INFO  [o.n.k.i.DiagnosticsManager]:   - Total: 2014-04-10T19:58:42-0500 - 0.00 B
2014-04-11 00:58:42.783+0000 INFO  [o.n.k.i.DiagnosticsManager]:   store_lock: 2014-04-10T19:58:42-0500 - 0.00 B
2014-04-11 00:58:42.783+0000 INFO  [o.n.k.i.DiagnosticsManager]:   tm_tx_log.1: 2014-04-10T19:58:42-0500 - 0.00 B
2014-04-11 00:58:42.783+0000 INFO  [o.n.k.i.DiagnosticsManager]: --- STARTED diagnostics for KernelDiagnostics:StoreFiles END ---
2014-04-11 00:58:42.836+0000 INFO  [o.n.k.EmbeddedGraphDatabase]: GC Monitor started. 
2014-04-11 00:58:42.837+0000 INFO  [o.n.k.EmbeddedGraphDatabase]: Database is now ready
2014-04-11 00:58:42.838+0000 INFO  [o.n.k.EmbeddedGraphDatabase]: Shutdown started
2014-04-11 00:58:42.838+0000 INFO  [o.n.k.EmbeddedGraphDatabase]: Database is now unavailable
2014-04-11 00:58:42.839+0000 INFO  [o.n.k.EmbeddedGraphDatabase]: GC Monitor stopped. 
2014-04-11 00:58:42.846+0000 INFO  [o.n.k.i.t.x.XaLogicalLog]: Closed log /Users/apprentice/Desktop/Team_Ken/neo4j/data/graph.db/index/lucene.log
2014-04-11 00:58:42.847+0000 INFO  [o.n.k.i.t.TxManager]: TM shutting down
2014-04-11 00:58:42.855+0000 INFO  [o.n.k.i.t.x.XaLogicalLog]: Closed log /Users/apprentice/Desktop/Team_Ken/neo4j/data/graph.db/nioneo_logical.log
2014-04-11 00:58:42.857+0000 INFO  [o.n.k.i.n.s.StoreFactory]: /Users/apprentice/Desktop/Team_Ken/neo4j/data/graph.db/neostore.relationshiptypestore.db.names hit=0 miss=0 switches=0 ooe=0
2014-04-11 00:58:42.858+0000 INFO  [o.n.k.i.n.s.StoreFactory]: /Users/apprentice/Desktop/Team_Ken/neo4j/data/graph.db/neostore.relationshiptypestore.db hit=0 miss=0 switches=0 ooe=0
2014-04-11 00:58:42.858+0000 INFO  [o.n.k.i.n.s.StoreFactory]: /Users/apprentice/Desktop/Team_Ken/neo4j/data/graph.db/neostore.labeltokenstore.db.names hit=0 miss=0 switches=0 ooe=0
2014-04-11 00:58:42.859+0000 INFO  [o.n.k.i.n.s.StoreFactory]: /Users/apprentice/Desktop/Team_Ken/neo4j/data/graph.db/neostore.labeltokenstore.db hit=0 miss=0 switches=0 ooe=0
2014-04-11 00:58:42.860+0000 INFO  [o.n.k.i.n.s.StoreFactory]: /Users/apprentice/Desktop/Team_Ken/neo4j/data/graph.db/neostore.propertystore.db.strings hit=0 miss=0 switches=0 ooe=0
2014-04-11 00:58:42.887+0000 INFO  [o.n.k.i.n.s.StoreFactory]: /Users/apprentice/Desktop/Team_Ken/neo4j/data/graph.db/neostore.propertystore.db.index.keys hit=0 miss=0 switches=0 ooe=0
2014-04-11 00:58:42.890+0000 INFO  [o.n.k.i.n.s.StoreFactory]: /Users/apprentice/Desktop/Team_Ken/neo4j/data/graph.db/neostore.propertystore.db.index hit=0 miss=0 switches=0 ooe=0
2014-04-11 00:58:42.892+0000 INFO  [o.n.k.i.n.s.StoreFactory]: /Users/apprentice/Desktop/Team_Ken/neo4j/data/graph.db/neostore.propertystore.db.arrays hit=0 miss=0 switches=0 ooe=0
2014-04-11 00:58:42.893+0000 INFO  [o.n.k.i.n.s.StoreFactory]: /Users/apprentice/Desktop/Team_Ken/neo4j/data/graph.db/neostore.propertystore.db hit=0 miss=0 switches=0 ooe=0
2014-04-11 00:58:42.893+0000 INFO  [o.n.k.i.n.s.StoreFactory]: /Users/apprentice/Desktop/Team_Ken/neo4j/data/graph.db/neostore.relationshipstore.db hit=0 miss=0 switches=0 ooe=0
2014-04-11 00:58:42.895+0000 INFO  [o.n.k.i.n.s.StoreFactory]: /Users/apprentice/Desktop/Team_Ken/neo4j/data/graph.db/neostore.nodestore.db.labels hit=0 miss=0 switches=0 ooe=0
2014-04-11 00:58:42.897+0000 INFO  [o.n.k.i.n.s.StoreFactory]: /Users/apprentice/Desktop/Team_Ken/neo4j/data/graph.db/neostore.nodestore.db hit=0 miss=0 switches=0 ooe=0
2014-04-11 00:58:42.897+0000 INFO  [o.n.k.i.n.s.StoreFactory]: /Users/apprentice/Desktop/Team_Ken/neo4j/data/graph.db/neostore.schemastore.db hit=0 miss=0 switches=0 ooe=0
2014-04-11 00:58:42.898+0000 INFO  [o.n.k.i.n.s.StoreFactory]: /Users/apprentice/Desktop/Team_Ken/neo4j/data/graph.db/neostore hit=0 miss=16 switches=0 ooe=0
2014-04-11 00:58:42.899+0000 INFO  [o.n.k.i.n.x.NeoStoreXaDataSource]: NeoStore closed
2014-04-11 00:58:42.900+0000 INFO  [o.n.k.i.DiagnosticsManager]: --- STOPPING diagnostics START ---
2014-04-11 00:58:42.900+0000 INFO  [o.n.k.i.DiagnosticsManager]: --- STOPPING diagnostics END ---
2014-04-11 00:58:42.922+0000 INFO  [o.n.k.i.DiagnosticsManager]: --- INITIALIZED diagnostics START ---
2014-04-11 00:58:42.922+0000 INFO  [o.n.k.i.DiagnosticsManager]: Neo4j Kernel properties:
2014-04-11 00:58:42.922+0000 INFO  [o.n.k.i.DiagnosticsManager]: neostore.propertystore.db.mapped_memory=643M
2014-04-11 00:58:42.922+0000 INFO  [o.n.k.i.DiagnosticsManager]: neo_store=/Users/apprentice/Desktop/Team_Ken/neo4j/data/graph.db/neostore
2014-04-11 00:58:42.922+0000 INFO  [o.n.k.i.DiagnosticsManager]: neostore.nodestore.db.mapped_memory=178M
2014-04-11 00:58:42.922+0000 INFO  [o.n.k.i.DiagnosticsManager]: neostore.propertystore.db.strings.mapped_memory=546M
2014-04-11 00:58:42.922+0000 INFO  [o.n.k.i.DiagnosticsManager]: neo4j.ext.udc.source=server
2014-04-11 00:58:42.922+0000 INFO  [o.n.k.i.DiagnosticsManager]: store_dir=data/graph.db
2014-04-11 00:58:42.922+0000 INFO  [o.n.k.i.DiagnosticsManager]: neostore.relationshipstore.db.mapped_memory=787M
2014-04-11 00:58:42.922+0000 INFO  [o.n.k.i.DiagnosticsManager]: keep_logical_logs=true
2014-04-11 00:58:42.922+0000 INFO  [o.n.k.i.DiagnosticsManager]: neostore.propertystore.db.arrays.mapped_memory=619M
2014-04-11 00:58:42.922+0000 INFO  [o.n.k.i.DiagnosticsManager]: remote_shell_enabled=true
2014-04-11 00:58:42.922+0000 INFO  [o.n.k.i.DiagnosticsManager]: ephemeral=false
2014-04-11 00:58:42.922+0000 INFO  [o.n.k.i.DiagnosticsManager]: Diagnostics providers:
2014-04-11 00:58:42.922+0000 INFO  [o.n.k.i.DiagnosticsManager]: org.neo4j.kernel.configuration.Config
2014-04-11 00:58:42.923+0000 INFO  [o.n.k.i.DiagnosticsManager]: org.neo4j.kernel.info.DiagnosticsManager
2014-04-11 00:58:42.923+0000 INFO  [o.n.k.i.DiagnosticsManager]: SYSTEM_MEMORY
2014-04-11 00:58:42.923+0000 INFO  [o.n.k.i.DiagnosticsManager]: JAVA_MEMORY
2014-04-11 00:58:42.923+0000 INFO  [o.n.k.i.DiagnosticsManager]: OPERATING_SYSTEM
2014-04-11 00:58:42.923+0000 INFO  [o.n.k.i.DiagnosticsManager]: JAVA_VIRTUAL_MACHINE
2014-04-11 00:58:42.923+0000 INFO  [o.n.k.i.DiagnosticsManager]: CLASSPATH
2014-04-11 00:58:42.923+0000 INFO  [o.n.k.i.DiagnosticsManager]: LIBRARY_PATH
2014-04-11 00:58:42.923+0000 INFO  [o.n.k.i.DiagnosticsManager]: SYSTEM_PROPERTIES
2014-04-11 00:58:42.923+0000 INFO  [o.n.k.i.DiagnosticsManager]: NETWORK
2014-04-11 00:58:42.923+0000 INFO  [o.n.k.i.DiagnosticsManager]: System memory information:
2014-04-11 00:58:42.924+0000 INFO  [o.n.k.i.DiagnosticsManager]: Total Physical memory: 8.00 GB
2014-04-11 00:58:42.924+0000 INFO  [o.n.k.i.DiagnosticsManager]: Free Physical memory: 2.32 GB
2014-04-11 00:58:42.924+0000 INFO  [o.n.k.i.DiagnosticsManager]: Committed virtual memory: 4.60 GB
2014-04-11 00:58:42.924+0000 INFO  [o.n.k.i.DiagnosticsManager]: Total swap space: 1.00 GB
2014-04-11 00:58:42.924+0000 INFO  [o.n.k.i.DiagnosticsManager]: Free swap space: 1.00 GB
2014-04-11 00:58:42.925+0000 INFO  [o.n.k.i.DiagnosticsManager]: JVM memory information:
2014-04-11 00:58:42.925+0000 INFO  [o.n.k.i.DiagnosticsManager]: Free  memory: 110.76 MB
2014-04-11 00:58:42.925+0000 INFO  [o.n.k.i.DiagnosticsManager]: Total memory: 123.75 MB
2014-04-11 00:58:42.925+0000 INFO  [o.n.k.i.DiagnosticsManager]: Max   memory: 1.97 GB
2014-04-11 00:58:42.925+0000 INFO  [o.n.k.i.DiagnosticsManager]: Garbage Collector: ParNew: [Par Eden Space, Par Survivor Space]
2014-04-11 00:58:42.925+0000 INFO  [o.n.k.i.DiagnosticsManager]: Garbage Collector: ConcurrentMarkSweep: [Par Eden Space, Par Survivor Space, CMS Old Gen, CMS Perm Gen]
2014-04-11 00:58:42.926+0000 INFO  [o.n.k.i.DiagnosticsManager]: Memory Pool: Code Cache (Non-heap memory): committed=2.44 MB, used=734.81 kB, max=48.00 MB, threshold=0.00 B
2014-04-11 00:58:42.926+0000 INFO  [o.n.k.i.DiagnosticsManager]: Memory Pool: Par Eden Space (Heap memory): committed=34.13 MB, used=3.09 MB, max=266.25 MB, threshold=?
2014-04-11 00:58:42.927+0000 INFO  [o.n.k.i.DiagnosticsManager]: Memory Pool: Par Survivor Space (Heap memory): committed=4.25 MB, used=4.25 MB, max=33.25 MB, threshold=?
2014-04-11 00:58:42.927+0000 INFO  [o.n.k.i.DiagnosticsManager]: Memory Pool: CMS Old Gen (Heap memory): committed=85.38 MB, used=5.64 MB, max=1.68 GB, threshold=0.00 B
2014-04-11 00:58:42.928+0000 INFO  [o.n.k.i.DiagnosticsManager]: Memory Pool: CMS Perm Gen (Non-heap memory): committed=20.75 MB, used=16.80 MB, max=82.00 MB, threshold=0.00 B
2014-04-11 00:58:42.928+0000 INFO  [o.n.k.i.DiagnosticsManager]: Operating system information:
2014-04-11 00:58:42.928+0000 INFO  [o.n.k.i.DiagnosticsManager]: Operating System: Mac OS X; version: 10.9.1; arch: x86_64; cpus: 4
2014-04-11 00:58:42.928+0000 INFO  [o.n.k.i.DiagnosticsManager]: Max number of file descriptors: 10240
2014-04-11 00:58:42.928+0000 INFO  [o.n.k.i.DiagnosticsManager]: Number of open file descriptors: 77
2014-04-11 00:58:42.928+0000 INFO  [o.n.k.i.DiagnosticsManager]: Process id: 24436@dbc-chicago-5.local
2014-04-11 00:58:42.929+0000 INFO  [o.n.k.i.DiagnosticsManager]: Byte order: LITTLE_ENDIAN
2014-04-11 00:58:42.929+0000 INFO  [o.n.k.i.DiagnosticsManager]: Local timezone: America/Chicago
2014-04-11 00:58:42.929+0000 INFO  [o.n.k.i.DiagnosticsManager]: JVM information:
2014-04-11 00:58:42.929+0000 INFO  [o.n.k.i.DiagnosticsManager]: VM Name: Java HotSpot(TM) 64-Bit Server VM
2014-04-11 00:58:42.929+0000 INFO  [o.n.k.i.DiagnosticsManager]: VM Vendor: Oracle Corporation
2014-04-11 00:58:42.929+0000 INFO  [o.n.k.i.DiagnosticsManager]: VM Version: 24.51-b03
2014-04-11 00:58:42.929+0000 INFO  [o.n.k.i.DiagnosticsManager]: JIT compiler: HotSpot 64-Bit Tiered Compilers
2014-04-11 00:58:42.929+0000 INFO  [o.n.k.i.DiagnosticsManager]: VM Arguments: [-XX:+DisableExplicitGC, -Dorg.neo4j.server.properties=conf/neo4j-server.properties, -Djava.util.logging.config.file=conf/logging.properties, -Dlog4j.configuration=file:conf/log4j.properties, -XX:+UseConcMarkSweepGC, -XX:+CMSClassUnloadingEnabled, -Dneo4j.home=/Users/apprentice/desktop/Team_Ken/neo4j, -Dneo4j.instance=/Users/apprentice/desktop/Team_Ken/neo4j, -Dfile.encoding=UTF-8]
2014-04-11 00:58:42.929+0000 INFO  [o.n.k.i.DiagnosticsManager]: Java classpath:
2014-04-11 00:58:42.937+0000 INFO  [o.n.k.i.DiagnosticsManager]:  [classpath + loader.0] file:/Users/apprentice/Desktop/Team_Ken/neo4j/lib/neo4j-graph-algo-2.0.1.jar
2014-04-11 00:58:42.937+0000 INFO  [o.n.k.i.DiagnosticsManager]:  [classpath + loader.0] file:/Users/apprentice/Desktop/Team_Ken/neo4j/system/lib/commons-logging-1.1.1.jar
2014-04-11 00:58:42.937+0000 INFO  [o.n.k.i.DiagnosticsManager]:  [classpath + loader.0] file:/Users/apprentice/Desktop/Team_Ken/neo4j/lib/neo4j-lucene-index-2.0.1.jar
2014-04-11 00:58:42.937+0000 INFO  [o.n.k.i.DiagnosticsManager]:  [bootstrap] /Library/Java/JavaVirtualMachines/jdk1.7.0_51.jdk/Contents/Home/jre/lib/jce.jar
2014-04-11 00:58:42.937+0000 INFO  [o.n.k.i.DiagnosticsManager]:  [loader.1] file:/System/Library/Java/Extensions/MRJToolkit.jar
2014-04-11 00:58:42.937+0000 INFO  [o.n.k.i.DiagnosticsManager]:  [classpath + loader.0] file:/Users/apprentice/Desktop/Team_Ken/neo4j/system/lib/jersey-server-1.9.jar
2014-04-11 00:58:42.937+0000 INFO  [o.n.k.i.DiagnosticsManager]:  [bootstrap] /Library/Java/JavaVirtualMachines/jdk1.7.0_51.jdk/Contents/Home/jre/lib/sunrsasign.jar
2014-04-11 00:58:42.937+0000 INFO  [o.n.k.i.DiagnosticsManager]:  [classpath + loader.0] file:/Users/apprentice/Desktop/Team_Ken/neo4j/system/lib/mimepull-1.6.jar
2014-04-11 00:58:42.937+0000 INFO  [o.n.k.i.DiagnosticsManager]:  [classpath + loader.0] file:/Users/apprentice/Desktop/Team_Ken/neo4j/system/lib/logback-core-1.0.9.jar
2014-04-11 00:58:42.937+0000 INFO  [o.n.k.i.DiagnosticsManager]:  [classpath + loader.0] file:/Users/apprentice/Desktop/Team_Ken/neo4j/lib/server-api-2.0.1.jar
2014-04-11 00:58:42.937+0000 INFO  [o.n.k.i.DiagnosticsManager]:  [classpath + loader.0] file:/Users/apprentice/Desktop/Team_Ken/neo4j/lib/neo4j-graph-matching-2.0.1.jar
2014-04-11 00:58:42.937+0000 INFO  [o.n.k.i.DiagnosticsManager]:  [classpath + loader.0] file:/Users/apprentice/Desktop/Team_Ken/neo4j/lib/parboiled-core-1.1.6.jar
2014-04-11 00:58:42.937+0000 INFO  [o.n.k.i.DiagnosticsManager]:  [classpath + loader.0] file:/Users/apprentice/Desktop/Team_Ken/neo4j/system/lib/jetty-servlet-9.0.5.v20130815.jar
2014-04-11 00:58:42.938+0000 INFO  [o.n.k.i.DiagnosticsManager]:  [classpath + loader.0] file:/Users/apprentice/Desktop/Team_Ken/neo4j/system/lib/asm-3.1.jar
2014-04-11 00:58:42.938+0000 INFO  [o.n.k.i.DiagnosticsManager]:  [loader.1] file:/Library/Java/JavaVirtualMachines/jdk1.7.0_51.jdk/Contents/Home/jre/lib/ext/sunec.jar
2014-04-11 00:58:42.938+0000 INFO  [o.n.k.i.DiagnosticsManager]:  [classpath + loader.0] file:/Users/apprentice/Desktop/Team_Ken/neo4j/system/lib/commons-digester-1.8.1.jar
2014-04-11 00:58:42.938+0000 INFO  [o.n.k.i.DiagnosticsManager]:  [classpath + loader.0] file:/Users/apprentice/Desktop/Team_Ken/neo4j/system/lib/neo4j-server-2.0.1-static-web.jar
2014-04-11 00:58:42.938+0000 INFO  [o.n.k.i.DiagnosticsManager]:  [classpath + loader.0] file:/Users/apprentice/Desktop/Team_Ken/neo4j/lib/neo4j-cypher-compiler-1.9-2.0.1.jar
2014-04-11 00:58:42.938+0000 INFO  [o.n.k.i.DiagnosticsManager]:  [classpath + loader.0] file:/Users/apprentice/Desktop/Team_Ken/neo4j/lib/concurrentlinkedhashmap-lru-1.3.1.jar
2014-04-11 00:58:42.938+0000 INFO  [o.n.k.i.DiagnosticsManager]:  [classpath + loader.0] file:/Users/apprentice/Desktop/Team_Ken/neo4j/lib/parboiled-scala_2.10-1.1.6.jar
2014-04-11 00:58:42.938+0000 INFO  [o.n.k.i.DiagnosticsManager]:  [classpath + loader.0] file:/Users/apprentice/Desktop/Team_Ken/neo4j/system/lib/neo4j-browser-2.0.1.jar
2014-04-11 00:58:42.938+0000 INFO  [o.n.k.i.DiagnosticsManager]:  [classpath + loader.0] file:/Users/apprentice/Desktop/Team_Ken/neo4j/lib/neo4j-udc-2.0.1.jar
2014-04-11 00:58:42.938+0000 INFO  [o.n.k.i.DiagnosticsManager]:  [loader.1] file:/System/Library/Java/Extensions/QTJava.zip
2014-04-11 00:58:42.938+0000 INFO  [o.n.k.i.DiagnosticsManager]:  [classpath + loader.0] file:/Users/apprentice/Desktop/Team_Ken/neo4j/system/lib/jetty-io-9.0.5.v20130815.jar
2014-04-11 00:58:42.938+0000 INFO  [o.n.k.i.DiagnosticsManager]:  [loader.1] file:/Library/Java/JavaVirtualMachines/jdk1.7.0_51.jdk/Contents/Home/jre/lib/ext/localedata.jar
2014-04-11 00:58:42.938+0000 INFO  [o.n.k.i.DiagnosticsManager]:  [classpath + loader.0] file:/Users/apprentice/Desktop/Team_Ken/neo4j/lib/neo4j-kernel-2.0.1.jar
2014-04-11 00:58:42.938+0000 INFO  [o.n.k.i.DiagnosticsManager]:  [bootstrap] /Library/Java/JavaVirtualMachines/jdk1.7.0_51.jdk/Contents/Home/jre/lib/charsets.jar
2014-04-11 00:58:42.939+0000 INFO  [o.n.k.i.DiagnosticsManager]:  [classpath + loader.0] file:/Users/apprentice/Desktop/Team_Ken/neo4j/system/lib/jetty-server-9.0.5.v20130815.jar
2014-04-11 00:58:42.939+0000 INFO  [o.n.k.i.DiagnosticsManager]:  [classpath + loader.0] file:/Users/apprentice/Desktop/Team_Ken/neo4j/system/lib/jersey-multipart-1.9.jar
2014-04-11 00:58:42.939+0000 INFO  [o.n.k.i.DiagnosticsManager]:  [classpath + loader.0] file:/Users/apprentice/Desktop/Team_Ken/neo4j/system/lib/bcprov-jdk16-140.jar
2014-04-11 00:58:42.939+0000 INFO  [o.n.k.i.DiagnosticsManager]:  [classpath + loader.0] file:/Users/apprentice/Desktop/Team_Ken/neo4j/lib/scala-library-2.10.3.jar
2014-04-11 00:58:42.939+0000 INFO  [o.n.k.i.DiagnosticsManager]:  [bootstrap] /Library/Java/JavaVirtualMachines/jdk1.7.0_51.jdk/Contents/Home/jre/lib/jfr.jar
2014-04-11 00:58:42.939+0000 INFO  [o.n.k.i.DiagnosticsManager]:  [classpath + loader.0] file:/Users/apprentice/Desktop/Team_Ken/neo4j/system/lib/javax.servlet-3.0.0.v201112011016.jar
2014-04-11 00:58:42.939+0000 INFO  [o.n.k.i.DiagnosticsManager]:  [classpath + loader.0] file:/Users/apprentice/Desktop/Team_Ken/neo4j/system/lib/commons-configuration-1.6.jar
2014-04-11 00:58:42.939+0000 INFO  [o.n.k.i.DiagnosticsManager]:  [loader.1] file:/System/Library/Java/Extensions/libQTJNative.jnilib
2014-04-11 00:58:42.939+0000 INFO  [o.n.k.i.DiagnosticsManager]:  [classpath + loader.0] file:/Users/apprentice/Desktop/Team_Ken/neo4j/system/lib/commons-collections-3.2.1.jar
2014-04-11 00:58:42.939+0000 INFO  [o.n.k.i.DiagnosticsManager]:  [classpath + loader.0] file:/Users/apprentice/Desktop/Team_Ken/neo4j/lib/neo4j-shell-2.0.1.jar
2014-04-11 00:58:42.939+0000 INFO  [o.n.k.i.DiagnosticsManager]:  [classpath + loader.0] file:/Users/apprentice/Desktop/Team_Ken/neo4j/lib/neo4j-cypher-2.0.1.jar
2014-04-11 00:58:42.939+0000 INFO  [o.n.k.i.DiagnosticsManager]:  [classpath + loader.0] file:/Users/apprentice/Desktop/Team_Ken/neo4j/system/lib/neo4j-server-2.0.1.jar
2014-04-11 00:58:42.939+0000 INFO  [o.n.k.i.DiagnosticsManager]:  [classpath + loader.0] file:/Users/apprentice/Desktop/Team_Ken/neo4j/lib/lucene-core-3.6.2.jar
2014-04-11 00:58:42.939+0000 INFO  [o.n.k.i.DiagnosticsManager]:  [loader.1] file:/Library/Java/JavaVirtualMachines/jdk1.7.0_51.jdk/Contents/Home/jre/lib/ext/sunpkcs11.jar
2014-04-11 00:58:42.939+0000 INFO  [o.n.k.i.DiagnosticsManager]:  [bootstrap] /Library/Java/JavaVirtualMachines/jdk1.7.0_51.jdk/Contents/Home/jre/lib/jsse.jar
2014-04-11 00:58:42.940+0000 INFO  [o.n.k.i.DiagnosticsManager]:  [classpath + loader.0] file:/Users/apprentice/Desktop/Team_Ken/neo4j/system/lib/jackson-core-asl-1.9.7.jar
2014-04-11 00:58:42.940+0000 INFO  [o.n.k.i.DiagnosticsManager]:  [classpath + loader.0] file:/Users/apprentice/Desktop/Team_Ken/neo4j/system/lib/jsr311-api-1.1.2.r612.jar
2014-04-11 00:58:42.940+0000 INFO  [o.n.k.i.DiagnosticsManager]:  [loader.1] file:/Library/Java/JavaVirtualMachines/jdk1.7.0_51.jdk/Contents/Home/jre/lib/ext/zipfs.jar
2014-04-11 00:58:42.940+0000 INFO  [o.n.k.i.DiagnosticsManager]:  [classpath + loader.0] file:/Users/apprentice/Desktop/Team_Ken/neo4j/system/lib/jackson-jaxrs-1.9.7.jar
2014-04-11 00:58:42.940+0000 INFO  [o.n.k.i.DiagnosticsManager]:  [classpath + loader.0] file:/Users/apprentice/Desktop/Team_Ken/neo4j/system/lib/jersey-core-1.9.jar
2014-04-11 00:58:42.940+0000 INFO  [o.n.k.i.DiagnosticsManager]:  [bootstrap] /Library/Java/JavaVirtualMachines/jdk1.7.0_51.jdk/Contents/Home/jre/classes
2014-04-11 00:58:42.940+0000 INFO  [o.n.k.i.DiagnosticsManager]:  [classpath + loader.0] file:/Users/apprentice/Desktop/Team_Ken/neo4j/system/lib/logback-classic-1.0.9.jar
2014-04-11 00:58:42.940+0000 INFO  [o.n.k.i.DiagnosticsManager]:  [classpath + loader.0] file:/Users/apprentice/Desktop/Team_Ken/neo4j/system/lib/commons-io-1.4.jar
2014-04-11 00:58:42.940+0000 INFO  [o.n.k.i.DiagnosticsManager]:  [loader.1] file:/Library/Java/JavaVirtualMachines/jdk1.7.0_51.jdk/Contents/Home/jre/lib/ext/sunjce_provider.jar
2014-04-11 00:58:42.940+0000 INFO  [o.n.k.i.DiagnosticsManager]:  [classpath + loader.0] file:/Users/apprentice/Desktop/Team_Ken/neo4j/system/lib/jcl-over-slf4j-1.6.1.jar
2014-04-11 00:58:42.940+0000 INFO  [o.n.k.i.DiagnosticsManager]:  [classpath + loader.0] file:/Users/apprentice/Desktop/Team_Ken/neo4j/lib/org.apache.servicemix.bundles.jline-0.9.94_1.jar
2014-04-11 00:58:42.940+0000 INFO  [o.n.k.i.DiagnosticsManager]:  [classpath + loader.0] file:/Users/apprentice/Desktop/Team_Ken/neo4j/lib/neo4j-jmx-2.0.1.jar
2014-04-11 00:58:42.940+0000 INFO  [o.n.k.i.DiagnosticsManager]:  [classpath + loader.0] file:/Users/apprentice/Desktop/Team_Ken/neo4j/system/lib/slf4j-api-1.6.2.jar
2014-04-11 00:58:42.940+0000 INFO  [o.n.k.i.DiagnosticsManager]:  [classpath + loader.0] file:/Users/apprentice/Desktop/Team_Ken/neo4j/system/lib/logback-access-1.0.9.jar
2014-04-11 00:58:42.941+0000 INFO  [o.n.k.i.DiagnosticsManager]:  [classpath + loader.0] file:/Users/apprentice/Desktop/Team_Ken/neo4j/system/lib/jetty-util-9.0.5.v20130815.jar
2014-04-11 00:58:42.941+0000 INFO  [o.n.k.i.DiagnosticsManager]:  [bootstrap] /Library/Java/JavaVirtualMachines/jdk1.7.0_51.jdk/Contents/Home/jre/lib/resources.jar
2014-04-11 00:58:42.941+0000 INFO  [o.n.k.i.DiagnosticsManager]:  [classpath + loader.0] file:/Users/apprentice/Desktop/Team_Ken/neo4j/conf/
2014-04-11 00:58:42.941+0000 INFO  [o.n.k.i.DiagnosticsManager]:  [classpath + loader.0] file:/Users/apprentice/Desktop/Team_Ken/neo4j/system/lib/rrd4j-2.0.7.jar
2014-04-11 00:58:42.941+0000 INFO  [o.n.k.i.DiagnosticsManager]:  [classpath + loader.0] file:/Users/apprentice/Desktop/Team_Ken/neo4j/lib/geronimo-jta_1.1_spec-1.1.1.jar
2014-04-11 00:58:42.941+0000 INFO  [o.n.k.i.DiagnosticsManager]:  [classpath + loader.0] file:/Users/apprentice/Desktop/Team_Ken/neo4j/system/lib/commons-compiler-2.6.1.jar
2014-04-11 00:58:42.941+0000 INFO  [o.n.k.i.DiagnosticsManager]:  [classpath + loader.0] file:/Users/apprentice/Desktop/Team_Ken/neo4j/lib/neo4j-cypher-compiler-2.0-2.0.1.jar
2014-04-11 00:58:42.941+0000 INFO  [o.n.k.i.DiagnosticsManager]:  [classpath + loader.0] file:/Users/apprentice/Desktop/Team_Ken/neo4j/system/lib/commons-beanutils-core-1.8.0.jar
2014-04-11 00:58:42.941+0000 INFO  [o.n.k.i.DiagnosticsManager]:  [loader.1] file:/Library/Java/JavaVirtualMachines/jdk1.7.0_51.jdk/Contents/Home/jre/lib/ext/dnsns.jar
2014-04-11 00:58:42.941+0000 INFO  [o.n.k.i.DiagnosticsManager]:  [classpath + loader.0] file:/Users/apprentice/Desktop/Team_Ken/neo4j/system/lib/commons-beanutils-1.8.0.jar
2014-04-11 00:58:42.941+0000 INFO  [o.n.k.i.DiagnosticsManager]:  [classpath + loader.0] file:/Users/apprentice/Desktop/Team_Ken/neo4j/system/lib/jetty-security-9.0.5.v20130815.jar
2014-04-11 00:58:42.941+0000 INFO  [o.n.k.i.DiagnosticsManager]:  [bootstrap] /Library/Java/JavaVirtualMachines/jdk1.7.0_51.jdk/Contents/Home/jre/lib/rt.jar
2014-04-11 00:58:42.941+0000 INFO  [o.n.k.i.DiagnosticsManager]:  [classpath + loader.0] file:/Users/apprentice/Desktop/Team_Ken/neo4j/system/lib/jackson-mapper-asl-1.9.7.jar
2014-04-11 00:58:42.941+0000 INFO  [o.n.k.i.DiagnosticsManager]:  [classpath + loader.0] file:/Users/apprentice/Desktop/Team_Ken/neo4j/system/lib/jetty-http-9.0.5.v20130815.jar
2014-04-11 00:58:42.941+0000 INFO  [o.n.k.i.DiagnosticsManager]:  [classpath + loader.0] file:/Users/apprentice/Desktop/Team_Ken/neo4j/system/lib/commons-lang-2.4.jar
2014-04-11 00:58:42.942+0000 INFO  [o.n.k.i.DiagnosticsManager]:  [classpath + loader.0] file:/Users/apprentice/Desktop/Team_Ken/neo4j/system/lib/jetty-webapp-9.0.5.v20130815.jar
2014-04-11 00:58:42.942+0000 INFO  [o.n.k.i.DiagnosticsManager]:  [classpath + loader.0] file:/Users/apprentice/Desktop/Team_Ken/neo4j/system/lib/janino-2.6.1.jar
2014-04-11 00:58:42.942+0000 INFO  [o.n.k.i.DiagnosticsManager]:  [classpath + loader.0] file:/Users/apprentice/Desktop/Team_Ken/neo4j/system/lib/rhino-1.7R3.jar
2014-04-11 00:58:42.942+0000 INFO  [o.n.k.i.DiagnosticsManager]:  [classpath + loader.0] file:/Users/apprentice/Desktop/Team_Ken/neo4j/system/lib/jetty-xml-9.0.5.v20130815.jar
2014-04-11 00:58:42.942+0000 INFO  [o.n.k.i.DiagnosticsManager]:  [classpath + loader.0] file:/Users/apprentice/Desktop/Team_Ken/neo4j/lib/neo4j-cypher-commons-2.0.1.jar
2014-04-11 00:58:42.942+0000 INFO  [o.n.k.i.DiagnosticsManager]: Library path:
2014-04-11 00:58:42.942+0000 INFO  [o.n.k.i.DiagnosticsManager]: /Users/apprentice/Library/Java/Extensions
2014-04-11 00:58:42.942+0000 INFO  [o.n.k.i.DiagnosticsManager]: /Library/Java/Extensions
2014-04-11 00:58:42.942+0000 INFO  [o.n.k.i.DiagnosticsManager]: /Network/Library/Java/Extensions
2014-04-11 00:58:42.943+0000 INFO  [o.n.k.i.DiagnosticsManager]: /System/Library/Java/Extensions
2014-04-11 00:58:42.943+0000 INFO  [o.n.k.i.DiagnosticsManager]: /usr/lib/java
2014-04-11 00:58:42.943+0000 INFO  [o.n.k.i.DiagnosticsManager]: /Users/apprentice/Desktop/Team_Ken/neo4j
2014-04-11 00:58:42.943+0000 INFO  [o.n.k.i.DiagnosticsManager]: System.properties:
2014-04-11 00:58:42.943+0000 INFO  [o.n.k.i.DiagnosticsManager]: sun.boot.library.path = /Library/Java/JavaVirtualMachines/jdk1.7.0_51.jdk/Contents/Home/jre/lib
2014-04-11 00:58:42.943+0000 INFO  [o.n.k.i.DiagnosticsManager]: org.neo4j.server.properties = conf/neo4j-server.properties
2014-04-11 00:58:42.943+0000 INFO  [o.n.k.i.DiagnosticsManager]: gopherProxySet = false
2014-04-11 00:58:42.943+0000 INFO  [o.n.k.i.DiagnosticsManager]: path.separator = :
2014-04-11 00:58:42.943+0000 INFO  [o.n.k.i.DiagnosticsManager]: file.encoding.pkg = sun.io
2014-04-11 00:58:42.943+0000 INFO  [o.n.k.i.DiagnosticsManager]: user.country = US
2014-04-11 00:58:42.943+0000 INFO  [o.n.k.i.DiagnosticsManager]: sun.java.launcher = SUN_STANDARD
2014-04-11 00:58:42.944+0000 INFO  [o.n.k.i.DiagnosticsManager]: sun.os.patch.level = unknown
2014-04-11 00:58:42.944+0000 INFO  [o.n.k.i.DiagnosticsManager]: user.dir = /Users/apprentice/Desktop/Team_Ken/neo4j
2014-04-11 00:58:42.944+0000 INFO  [o.n.k.i.DiagnosticsManager]: log4j.configuration = file:conf/log4j.properties
2014-04-11 00:58:42.944+0000 INFO  [o.n.k.i.DiagnosticsManager]: sun.jnu.encoding = UTF-8
2014-04-11 00:58:42.944+0000 INFO  [o.n.k.i.DiagnosticsManager]: sun.management.compiler = HotSpot 64-Bit Tiered Compilers
2014-04-11 00:58:42.944+0000 INFO  [o.n.k.i.DiagnosticsManager]: http.nonProxyHosts = local|*.local|169.254/16|*.169.254/16
2014-04-11 00:58:42.944+0000 INFO  [o.n.k.i.DiagnosticsManager]: user.home = /Users/apprentice
2014-04-11 00:58:42.945+0000 INFO  [o.n.k.i.DiagnosticsManager]: user.timezone = America/Chicago
2014-04-11 00:58:42.945+0000 INFO  [o.n.k.i.DiagnosticsManager]: file.encoding = UTF-8
2014-04-11 00:58:42.945+0000 INFO  [o.n.k.i.DiagnosticsManager]: user.name = apprentice
2014-04-11 00:58:42.945+0000 INFO  [o.n.k.i.DiagnosticsManager]: sun.java.command = org.neo4j.server.Bootstrapper
2014-04-11 00:58:42.945+0000 INFO  [o.n.k.i.DiagnosticsManager]: sun.arch.data.model = 64
2014-04-11 00:58:42.945+0000 INFO  [o.n.k.i.DiagnosticsManager]: user.language = en
2014-04-11 00:58:42.945+0000 INFO  [o.n.k.i.DiagnosticsManager]: awt.toolkit = sun.lwawt.macosx.LWCToolkit
2014-04-11 00:58:42.945+0000 INFO  [o.n.k.i.DiagnosticsManager]: file.separator = /
2014-04-11 00:58:42.945+0000 INFO  [o.n.k.i.DiagnosticsManager]: sun.io.unicode.encoding = UnicodeBig
2014-04-11 00:58:42.945+0000 INFO  [o.n.k.i.DiagnosticsManager]: sun.cpu.endian = little
2014-04-11 00:58:42.945+0000 INFO  [o.n.k.i.DiagnosticsManager]: socksNonProxyHosts = local|*.local|169.254/16|*.169.254/16
2014-04-11 00:58:42.945+0000 INFO  [o.n.k.i.DiagnosticsManager]: neo4j.instance = /Users/apprentice/desktop/Team_Ken/neo4j
2014-04-11 00:58:42.945+0000 INFO  [o.n.k.i.DiagnosticsManager]: ftp.nonProxyHosts = local|*.local|169.254/16|*.169.254/16
2014-04-11 00:58:42.945+0000 INFO  [o.n.k.i.DiagnosticsManager]: neo4j.home = /Users/apprentice/desktop/Team_Ken/neo4j
2014-04-11 00:58:42.945+0000 INFO  [o.n.k.i.DiagnosticsManager]: sun.cpu.isalist = 
2014-04-11 00:58:42.945+0000 INFO  [o.n.k.i.DiagnosticsManager]: Network information:
2014-04-11 00:58:42.946+0000 INFO  [o.n.k.i.DiagnosticsManager]: Interface en1:
2014-04-11 00:58:42.946+0000 INFO  [o.n.k.i.DiagnosticsManager]:     address: fe80:0:0:0:2acf:e9ff:fe09:18a3%5
2014-04-11 00:58:42.946+0000 INFO  [o.n.k.i.DiagnosticsManager]:     address: 192.168.1.238
2014-04-11 00:58:42.946+0000 INFO  [o.n.k.i.DiagnosticsManager]: Interface lo0:
2014-04-11 00:58:42.946+0000 INFO  [o.n.k.i.DiagnosticsManager]:     address: fe80:0:0:0:0:0:0:1%1
2014-04-11 00:58:42.946+0000 INFO  [o.n.k.i.DiagnosticsManager]:     address: 0:0:0:0:0:0:0:1
2014-04-11 00:58:42.946+0000 INFO  [o.n.k.i.DiagnosticsManager]:     address: 127.0.0.1
2014-04-11 00:58:42.946+0000 INFO  [o.n.k.i.DiagnosticsManager]: --- INITIALIZED diagnostics END ---
2014-04-11 00:58:42.965+0000 INFO  [o.n.k.i.n.s.StoreFactory]: [/Users/apprentice/Desktop/Team_Ken/neo4j/data/graph.db/neostore.relationshiptypestore.db.names] brickCount=0 brickSize=0b mappedMem=0b (storeSize=38b)
2014-04-11 00:58:42.966+0000 INFO  [o.n.k.i.n.s.StoreFactory]: [/Users/apprentice/Desktop/Team_Ken/neo4j/data/graph.db/neostore.relationshiptypestore.db] brickCount=0 brickSize=0b mappedMem=0b (storeSize=0b)
2014-04-11 00:58:42.966+0000 INFO  [o.n.k.i.n.s.StoreFactory]: [/Users/apprentice/Desktop/Team_Ken/neo4j/data/graph.db/neostore.labeltokenstore.db.names] brickCount=0 brickSize=0b mappedMem=0b (storeSize=38b)
2014-04-11 00:58:42.967+0000 INFO  [o.n.k.i.n.s.StoreFactory]: [/Users/apprentice/Desktop/Team_Ken/neo4j/data/graph.db/neostore.labeltokenstore.db] brickCount=0 brickSize=0b mappedMem=0b (storeSize=0b)
2014-04-11 00:58:42.967+0000 INFO  [o.n.k.i.n.s.StoreFactory]: [/Users/apprentice/Desktop/Team_Ken/neo4j/data/graph.db/neostore.propertystore.db.strings] brickCount=0 brickSize=572416b mappedMem=572522496b (storeSize=128b)
2014-04-11 00:58:42.968+0000 INFO  [o.n.k.i.n.s.StoreFactory]: [/Users/apprentice/Desktop/Team_Ken/neo4j/data/graph.db/neostore.propertystore.db.index.keys] brickCount=0 brickSize=0b mappedMem=0b (storeSize=38b)
2014-04-11 00:58:42.968+0000 INFO  [o.n.k.i.n.s.StoreFactory]: [/Users/apprentice/Desktop/Team_Ken/neo4j/data/graph.db/neostore.propertystore.db.index] brickCount=0 brickSize=0b mappedMem=0b (storeSize=0b)
2014-04-11 00:58:42.969+0000 INFO  [o.n.k.i.n.s.StoreFactory]: [/Users/apprentice/Desktop/Team_Ken/neo4j/data/graph.db/neostore.propertystore.db.arrays] brickCount=0 brickSize=648960b mappedMem=649068544b (storeSize=128b)
2014-04-11 00:58:42.969+0000 INFO  [o.n.k.i.n.s.StoreFactory]: [/Users/apprentice/Desktop/Team_Ken/neo4j/data/graph.db/neostore.propertystore.db] brickCount=0 brickSize=6742327b mappedMem=674234368b (storeSize=0b)
2014-04-11 00:58:42.970+0000 INFO  [o.n.k.i.n.s.StoreFactory]: [/Users/apprentice/Desktop/Team_Ken/neo4j/data/graph.db/neostore.relationshipstore.db] brickCount=0 brickSize=8252277b mappedMem=825229312b (storeSize=0b)
2014-04-11 00:58:42.970+0000 INFO  [o.n.k.i.n.s.StoreFactory]: [/Users/apprentice/Desktop/Team_Ken/neo4j/data/graph.db/neostore.nodestore.db.labels] brickCount=0 brickSize=0b mappedMem=0b (storeSize=68b)
2014-04-11 00:58:42.971+0000 INFO  [o.n.k.i.n.s.StoreFactory]: [/Users/apprentice/Desktop/Team_Ken/neo4j/data/graph.db/neostore.nodestore.db] brickCount=0 brickSize=1866452b mappedMem=186646528b (storeSize=0b)
2014-04-11 00:58:42.971+0000 INFO  [o.n.k.i.n.s.StoreFactory]: [/Users/apprentice/Desktop/Team_Ken/neo4j/data/graph.db/neostore.schemastore.db] brickCount=0 brickSize=0b mappedMem=0b (storeSize=64b)
2014-04-11 00:58:42.972+0000 INFO  [o.n.k.i.n.s.StoreFactory]: [/Users/apprentice/Desktop/Team_Ken/neo4j/data/graph.db/neostore] brickCount=0 brickSize=0b mappedMem=0b (storeSize=63b)
2014-04-11 00:58:42.977+0000 INFO  [o.n.k.i.t.x.XaLogicalLog]: Opened logical log [data/graph.db/nioneo_logical.log.1] version=1, lastTxId=1 (clean)
2014-04-11 00:58:42.979+0000 INFO  [o.n.k.i.t.TxManager]: TM opening log: data/graph.db/tm_tx_log.1
2014-04-11 00:58:43.099+0000 INFO  [o.n.k.i.t.x.XaLogicalLog]: Opened logical log [data/graph.db/index/lucene.log.1] version=1, lastTxId=1 (clean)
2014-04-11 00:58:43.100+0000 INFO  [o.n.k.i.DiagnosticsManager]: --- STARTED diagnostics for KernelDiagnostics:Versions START ---
2014-04-11 00:58:43.100+0000 INFO  [o.n.k.i.DiagnosticsManager]: Graph Database: org.neo4j.kernel.EmbeddedGraphDatabase StoreId[time:1397177922305, id:6596524419913355068, store version: 13843131341501958]
2014-04-11 00:58:43.100+0000 INFO  [o.n.k.i.DiagnosticsManager]: Kernel version: Neo4j - Graph Database Kernel (neo4j-kernel), version: 2.0.1
2014-04-11 00:58:43.100+0000 INFO  [o.n.k.i.DiagnosticsManager]: Neo4j component versions:
2014-04-11 00:58:43.108+0000 INFO  [o.n.k.i.DiagnosticsManager]:   Neo4j - Lucene Index (neo4j-lucene-index), version: 2.0.1; revision: 2.0.1:master:878/8bb63c9c059d8a491b7909e08da86a820c28d3a5
2014-04-11 00:58:43.109+0000 INFO  [o.n.k.i.DiagnosticsManager]:   Neo4j - JMX support (neo4j-jmx), version: 2.0.1; revision: 2.0.1:master:878/8bb63c9c059d8a491b7909e08da86a820c28d3a5
2014-04-11 00:58:43.109+0000 INFO  [o.n.k.i.DiagnosticsManager]:   Neo4j - Graph Matching (neo4j-graph-matching), version: 2.0.1; revision: 2.0.1:master:878/8bb63c9c059d8a491b7909e08da86a820c28d3a5
2014-04-11 00:58:43.109+0000 INFO  [o.n.k.i.DiagnosticsManager]:   Neo4j Server API (server-api), version: 2.0.1; revision: 2.0.1:master:878/8bb63c9c059d8a491b7909e08da86a820c28d3a5
2014-04-11 00:58:43.109+0000 INFO  [o.n.k.i.DiagnosticsManager]:   Neo4j - Graph Database Kernel (neo4j-kernel), version: 2.0.1; revision: 2.0.1:master:878/8bb63c9c059d8a491b7909e08da86a820c28d3a5
2014-04-11 00:58:43.109+0000 INFO  [o.n.k.i.DiagnosticsManager]:   Neo4j - Cypher (neo4j-cypher), version: 2.0.1; revision: 2.0.1:master:878/8bb63c9c059d8a491b7909e08da86a820c28d3a5
2014-04-11 00:58:43.109+0000 INFO  [o.n.k.i.DiagnosticsManager]:   Neo4j Server (neo4j-server), version: 2.0.1; revision: 2.0.1:master:878/8bb63c9c059d8a491b7909e08da86a820c28d3a5
2014-04-11 00:58:43.109+0000 INFO  [o.n.k.i.DiagnosticsManager]:   Neo4j - Graph Algorithms (neo4j-graph-algo), version: 2.0.1; revision: 2.0.1:master:878/8bb63c9c059d8a491b7909e08da86a820c28d3a5
2014-04-11 00:58:43.109+0000 INFO  [o.n.k.i.DiagnosticsManager]:   Neo4j - Cypher Compiler 2.0 (neo4j-cypher-compiler-2.0), version: 2.0.1; revision: 2.0.1:master:878/8bb63c9c059d8a491b7909e08da86a820c28d3a5
2014-04-11 00:58:43.109+0000 INFO  [o.n.k.i.DiagnosticsManager]:   Neo4j - Generic shell (neo4j-shell), version: 2.0.1; revision: 2.0.1:master:878/8bb63c9c059d8a491b7909e08da86a820c28d3a5
2014-04-11 00:58:43.109+0000 INFO  [o.n.k.i.DiagnosticsManager]:   Neo4j - Cypher Compiler 1.9 (neo4j-cypher-compiler-1.9), version: 2.0.1; revision: 2.0.1:master:878/8bb63c9c059d8a491b7909e08da86a820c28d3a5
2014-04-11 00:58:43.109+0000 INFO  [o.n.k.i.DiagnosticsManager]:   neo4j-udc, version: 2.0.1; revision: 2.0.1:master:878/8bb63c9c059d8a491b7909e08da86a820c28d3a5
2014-04-11 00:58:43.109+0000 INFO  [o.n.k.i.DiagnosticsManager]:   Neo4j - Cypher Commons (neo4j-cypher-commons), version: 2.0.1; revision: 2.0.1:master:878/8bb63c9c059d8a491b7909e08da86a820c28d3a5
2014-04-11 00:58:43.109+0000 INFO  [o.n.k.i.DiagnosticsManager]: --- STARTED diagnostics for KernelDiagnostics:Versions END ---
2014-04-11 00:58:43.110+0000 INFO  [o.n.k.i.DiagnosticsManager]: --- STARTED diagnostics for NEO_STORE_VERSIONS START ---
2014-04-11 00:58:43.111+0000 INFO  [o.n.k.i.DiagnosticsManager]: Store versions:
2014-04-11 00:58:43.111+0000 INFO  [o.n.k.i.DiagnosticsManager]: Store versions:
2014-04-11 00:58:43.111+0000 INFO  [o.n.k.i.DiagnosticsManager]:   NeoStore v0.A.1
2014-04-11 00:58:43.111+0000 INFO  [o.n.k.i.DiagnosticsManager]:   SchemaStore v0.A.1
2014-04-11 00:58:43.111+0000 INFO  [o.n.k.i.DiagnosticsManager]:   NodeStore v0.A.1
2014-04-11 00:58:43.111+0000 INFO  [o.n.k.i.DiagnosticsManager]:   RelationshipStore v0.A.1
2014-04-11 00:58:43.111+0000 INFO  [o.n.k.i.DiagnosticsManager]:   RelationshipTypeStore v0.A.1
2014-04-11 00:58:43.112+0000 INFO  [o.n.k.i.DiagnosticsManager]:   LabelTokenStore v0.A.1
2014-04-11 00:58:43.112+0000 INFO  [o.n.k.i.DiagnosticsManager]:   PropertyStore v0.A.1
2014-04-11 00:58:43.113+0000 INFO  [o.n.k.i.DiagnosticsManager]:   PropertyIndexStore v0.A.1
2014-04-11 00:58:43.113+0000 INFO  [o.n.k.i.DiagnosticsManager]:   StringPropertyStore v0.A.1
2014-04-11 00:58:43.113+0000 INFO  [o.n.k.i.DiagnosticsManager]:   ArrayPropertyStore v0.A.1
2014-04-11 00:58:43.113+0000 INFO  [o.n.k.i.DiagnosticsManager]: --- STARTED diagnostics for NEO_STORE_VERSIONS END ---
2014-04-11 00:58:43.113+0000 INFO  [o.n.k.i.DiagnosticsManager]: --- STARTED diagnostics for NEO_STORE_ID_USAGE START ---
2014-04-11 00:58:43.113+0000 INFO  [o.n.k.i.DiagnosticsManager]: Id usage:
2014-04-11 00:58:43.113+0000 INFO  [o.n.k.i.DiagnosticsManager]: Id usage:
2014-04-11 00:58:43.113+0000 INFO  [o.n.k.i.DiagnosticsManager]:   SchemaStore: used=1 high=0
2014-04-11 00:58:43.114+0000 INFO  [o.n.k.i.DiagnosticsManager]:   NodeStore: used=0 high=-1
2014-04-11 00:58:43.114+0000 INFO  [o.n.k.i.DiagnosticsManager]:   RelationshipStore: used=0 high=-1
2014-04-11 00:58:43.114+0000 INFO  [o.n.k.i.DiagnosticsManager]:   RelationshipTypeStore: used=0 high=-1
2014-04-11 00:58:43.114+0000 INFO  [o.n.k.i.DiagnosticsManager]:   LabelTokenStore: used=0 high=-1
2014-04-11 00:58:43.114+0000 INFO  [o.n.k.i.DiagnosticsManager]:   PropertyStore: used=0 high=-1
2014-04-11 00:58:43.115+0000 INFO  [o.n.k.i.DiagnosticsManager]:   PropertyIndexStore: used=0 high=-1
2014-04-11 00:58:43.115+0000 INFO  [o.n.k.i.DiagnosticsManager]:   StringPropertyStore: used=1 high=0
2014-04-11 00:58:43.115+0000 INFO  [o.n.k.i.DiagnosticsManager]:   ArrayPropertyStore: used=1 high=0
2014-04-11 00:58:43.115+0000 INFO  [o.n.k.i.DiagnosticsManager]: --- STARTED diagnostics for NEO_STORE_ID_USAGE END ---
2014-04-11 00:58:43.115+0000 INFO  [o.n.k.i.DiagnosticsManager]: --- STARTED diagnostics for PERSISTENCE_WINDOW_POOL_STATS START ---
2014-04-11 00:58:43.115+0000 INFO  [o.n.k.i.DiagnosticsManager]: --- STARTED diagnostics for PERSISTENCE_WINDOW_POOL_STATS END ---
2014-04-11 00:58:43.115+0000 INFO  [o.n.k.i.DiagnosticsManager]: --- STARTED diagnostics for KernelDiagnostics:StoreFiles START ---
2014-04-11 00:58:43.116+0000 INFO  [o.n.k.i.DiagnosticsManager]: Disk space on partition (Total / Free / Free %): 499113885696 / 471610691584 / 94
Storage files: (filename : modification date - size)
2014-04-11 00:58:43.116+0000 INFO  [o.n.k.i.DiagnosticsManager]:   active_tx_log: 2014-04-10T19:58:42-0500 - 11.00 B
2014-04-11 00:58:43.117+0000 INFO  [o.n.k.i.DiagnosticsManager]:   index:
2014-04-11 00:58:43.118+0000 INFO  [o.n.k.i.DiagnosticsManager]:     lucene-store.db: 2014-04-10T19:58:42-0500 - 40.00 B
2014-04-11 00:58:43.119+0000 INFO  [o.n.k.i.DiagnosticsManager]:     lucene.log.1: 2014-04-10T19:58:43-0500 - 16.00 B
2014-04-11 00:58:43.119+0000 INFO  [o.n.k.i.DiagnosticsManager]:     lucene.log.active: 2014-04-10T19:58:43-0500 - 4.00 B
2014-04-11 00:58:43.119+0000 INFO  [o.n.k.i.DiagnosticsManager]:     lucene.log.v0: 2014-04-10T19:58:42-0500 - 16.00 B
2014-04-11 00:58:43.120+0000 INFO  [o.n.k.i.DiagnosticsManager]:   - Total: 2014-04-10T19:58:43-0500 - 76.00 B
2014-04-11 00:58:43.120+0000 INFO  [o.n.k.i.DiagnosticsManager]:   lock: 2014-04-10T19:58:42-0500 - 0.00 B
2014-04-11 00:58:43.121+0000 INFO  [o.n.k.i.DiagnosticsManager]:   messages.log: 2014-04-10T19:58:43-0500 - 82.13 kB
2014-04-11 00:58:43.121+0000 INFO  [o.n.k.i.DiagnosticsManager]:   neostore: 2014-04-10T19:58:42-0500 - 63.00 B
2014-04-11 00:58:43.122+0000 INFO  [o.n.k.i.DiagnosticsManager]:   neostore.id: 2014-04-10T19:58:42-0500 - 9.00 B
2014-04-11 00:58:43.122+0000 INFO  [o.n.k.i.DiagnosticsManager]:   neostore.labeltokenstore.db: 2014-04-10T19:58:42-0500 - 0.00 B
2014-04-11 00:58:43.122+0000 INFO  [o.n.k.i.DiagnosticsManager]:   neostore.labeltokenstore.db.id: 2014-04-10T19:58:42-0500 - 9.00 B
2014-04-11 00:58:43.123+0000 INFO  [o.n.k.i.DiagnosticsManager]:   neostore.labeltokenstore.db.names: 2014-04-10T19:58:42-0500 - 38.00 B
2014-04-11 00:58:43.123+0000 INFO  [o.n.k.i.DiagnosticsManager]:   neostore.labeltokenstore.db.names.id: 2014-04-10T19:58:42-0500 - 9.00 B
2014-04-11 00:58:43.124+0000 INFO  [o.n.k.i.DiagnosticsManager]:   neostore.nodestore.db: 2014-04-10T19:58:42-0500 - 0.00 B
2014-04-11 00:58:43.124+0000 INFO  [o.n.k.i.DiagnosticsManager]:   neostore.nodestore.db.id: 2014-04-10T19:58:42-0500 - 9.00 B
2014-04-11 00:58:43.124+0000 INFO  [o.n.k.i.DiagnosticsManager]:   neostore.nodestore.db.labels: 2014-04-10T19:58:42-0500 - 68.00 B
2014-04-11 00:58:43.125+0000 INFO  [o.n.k.i.DiagnosticsManager]:   neostore.nodestore.db.labels.id: 2014-04-10T19:58:42-0500 - 9.00 B
2014-04-11 00:58:43.125+0000 INFO  [o.n.k.i.DiagnosticsManager]:   neostore.propertystore.db: 2014-04-10T19:58:42-0500 - 0.00 B
2014-04-11 00:58:43.126+0000 INFO  [o.n.k.i.DiagnosticsManager]:   neostore.propertystore.db.arrays: 2014-04-10T19:58:42-0500 - 128.00 B
2014-04-11 00:58:43.126+0000 INFO  [o.n.k.i.DiagnosticsManager]:   neostore.propertystore.db.arrays.id: 2014-04-10T19:58:42-0500 - 9.00 B
2014-04-11 00:58:43.127+0000 INFO  [o.n.k.i.DiagnosticsManager]:   neostore.propertystore.db.id: 2014-04-10T19:58:42-0500 - 9.00 B
2014-04-11 00:58:43.128+0000 INFO  [o.n.k.i.DiagnosticsManager]:   neostore.propertystore.db.index: 2014-04-10T19:58:42-0500 - 0.00 B
2014-04-11 00:58:43.129+0000 INFO  [o.n.k.i.DiagnosticsManager]:   neostore.propertystore.db.index.id: 2014-04-10T19:58:42-0500 - 9.00 B
2014-04-11 00:58:43.129+0000 INFO  [o.n.k.i.DiagnosticsManager]:   neostore.propertystore.db.index.keys: 2014-04-10T19:58:42-0500 - 38.00 B
2014-04-11 00:58:43.129+0000 INFO  [o.n.k.i.DiagnosticsManager]:   neostore.propertystore.db.index.keys.id: 2014-04-10T19:58:42-0500 - 9.00 B
2014-04-11 00:58:43.130+0000 INFO  [o.n.k.i.DiagnosticsManager]:   neostore.propertystore.db.strings: 2014-04-10T19:58:42-0500 - 128.00 B
2014-04-11 00:58:43.130+0000 INFO  [o.n.k.i.DiagnosticsManager]:   neostore.propertystore.db.strings.id: 2014-04-10T19:58:42-0500 - 9.00 B
2014-04-11 00:58:43.131+0000 INFO  [o.n.k.i.DiagnosticsManager]:   neostore.relationshipstore.db: 2014-04-10T19:58:42-0500 - 0.00 B
2014-04-11 00:58:43.131+0000 INFO  [o.n.k.i.DiagnosticsManager]:   neostore.relationshipstore.db.id: 2014-04-10T19:58:42-0500 - 9.00 B
2014-04-11 00:58:43.131+0000 INFO  [o.n.k.i.DiagnosticsManager]:   neostore.relationshiptypestore.db: 2014-04-10T19:58:42-0500 - 0.00 B
2014-04-11 00:58:43.132+0000 INFO  [o.n.k.i.DiagnosticsManager]:   neostore.relationshiptypestore.db.id: 2014-04-10T19:58:42-0500 - 9.00 B
2014-04-11 00:58:43.133+0000 INFO  [o.n.k.i.DiagnosticsManager]:   neostore.relationshiptypestore.db.names: 2014-04-10T19:58:42-0500 - 38.00 B
2014-04-11 00:58:43.134+0000 INFO  [o.n.k.i.DiagnosticsManager]:   neostore.relationshiptypestore.db.names.id: 2014-04-10T19:58:42-0500 - 9.00 B
2014-04-11 00:58:43.134+0000 INFO  [o.n.k.i.DiagnosticsManager]:   neostore.schemastore.db: 2014-04-10T19:58:42-0500 - 64.00 B
2014-04-11 00:58:43.134+0000 INFO  [o.n.k.i.DiagnosticsManager]:   neostore.schemastore.db.id: 2014-04-10T19:58:42-0500 - 9.00 B
2014-04-11 00:58:43.135+0000 INFO  [o.n.k.i.DiagnosticsManager]:   nioneo_logical.log.1: 2014-04-10T19:58:43-0500 - 16.00 B
2014-04-11 00:58:43.135+0000 INFO  [o.n.k.i.DiagnosticsManager]:   nioneo_logical.log.active: 2014-04-10T19:58:42-0500 - 4.00 B
2014-04-11 00:58:43.136+0000 INFO  [o.n.k.i.DiagnosticsManager]:   nioneo_logical.log.v0: 2014-04-10T19:58:42-0500 - 16.00 B
2014-04-11 00:58:43.136+0000 INFO  [o.n.k.i.DiagnosticsManager]:   schema:
2014-04-11 00:58:43.136+0000 INFO  [o.n.k.i.DiagnosticsManager]:     label:
2014-04-11 00:58:43.136+0000 INFO  [o.n.k.i.DiagnosticsManager]:       lucene:
2014-04-11 00:58:43.137+0000 INFO  [o.n.k.i.DiagnosticsManager]:         segments.gen: 2014-04-10T19:58:42-0500 - 20.00 B
2014-04-11 00:58:43.137+0000 INFO  [o.n.k.i.DiagnosticsManager]:         segments_1: 2014-04-10T19:58:42-0500 - 32.00 B
2014-04-11 00:58:43.138+0000 INFO  [o.n.k.i.DiagnosticsManager]:         write.lock: 2014-04-10T19:58:42-0500 - 0.00 B
2014-04-11 00:58:43.139+0000 INFO  [o.n.k.i.DiagnosticsManager]:       - Total: 2014-04-10T19:58:42-0500 - 52.00 B
2014-04-11 00:58:43.140+0000 INFO  [o.n.k.i.DiagnosticsManager]:     - Total: 2014-04-10T19:58:42-0500 - 52.00 B
2014-04-11 00:58:43.141+0000 INFO  [o.n.k.i.DiagnosticsManager]:   - Total: 2014-04-10T19:58:42-0500 - 52.00 B
2014-04-11 00:58:43.141+0000 INFO  [o.n.k.i.DiagnosticsManager]:   store_lock: 2014-04-10T19:58:42-0500 - 0.00 B
2014-04-11 00:58:43.141+0000 INFO  [o.n.k.i.DiagnosticsManager]:   tm_tx_log.1: 2014-04-10T19:58:42-0500 - 0.00 B
2014-04-11 00:58:43.142+0000 INFO  [o.n.k.i.DiagnosticsManager]: --- STARTED diagnostics for KernelDiagnostics:StoreFiles END ---
2014-04-11 00:58:43.143+0000 INFO  [o.n.k.EmbeddedGraphDatabase]: GC Monitor started. 
2014-04-11 00:58:43.144+0000 INFO  [o.n.k.EmbeddedGraphDatabase]: Database is now ready
2014-04-11 00:58:43.145+0000 INFO  [o.n.k.i.DiagnosticsManager]: --- SERVER STARTED START ---
2014-04-11 00:58:44.813+0000 INFO  [o.n.k.i.DiagnosticsManager]: --- STARTED diagnostics for org.neo4j.server.configuration.Configurator START ---
2014-04-11 00:58:44.816+0000 INFO  [o.n.k.i.DiagnosticsManager]: Server configuration:
2014-04-11 00:58:44.817+0000 INFO  [o.n.k.i.DiagnosticsManager]: org.neo4j.server.database.location = data/graph.db
2014-04-11 00:58:44.817+0000 INFO  [o.n.k.i.DiagnosticsManager]: org.neo4j.server.webserver.port = 7474
2014-04-11 00:58:44.817+0000 INFO  [o.n.k.i.DiagnosticsManager]: org.neo4j.server.webserver.https.enabled = true
2014-04-11 00:58:44.817+0000 INFO  [o.n.k.i.DiagnosticsManager]: org.neo4j.server.webserver.https.port = 7473
2014-04-11 00:58:44.817+0000 INFO  [o.n.k.i.DiagnosticsManager]: org.neo4j.server.webserver.https.cert.location = conf/ssl/snakeoil.cert
2014-04-11 00:58:44.817+0000 INFO  [o.n.k.i.DiagnosticsManager]: org.neo4j.server.webserver.https.key.location = conf/ssl/snakeoil.key
2014-04-11 00:58:44.817+0000 INFO  [o.n.k.i.DiagnosticsManager]: org.neo4j.server.webserver.https.keystore.location = data/keystore
2014-04-11 00:58:44.817+0000 INFO  [o.n.k.i.DiagnosticsManager]: org.neo4j.server.webadmin.rrdb.location = data/rrd
2014-04-11 00:58:44.817+0000 INFO  [o.n.k.i.DiagnosticsManager]: org.neo4j.server.db.tuning.properties = conf/neo4j.properties
2014-04-11 00:58:44.817+0000 INFO  [o.n.k.i.DiagnosticsManager]: org.neo4j.server.manage.console_engines = shell
2014-04-11 00:58:44.817+0000 INFO  [o.n.k.i.DiagnosticsManager]: org.neo4j.server.http.log.enabled = false
2014-04-11 00:58:44.817+0000 INFO  [o.n.k.i.DiagnosticsManager]: org.neo4j.server.http.log.config = conf/neo4j-http-logging.xml
2014-04-11 00:58:44.817+0000 INFO  [o.n.k.i.DiagnosticsManager]: org.neo4j.server.webadmin.management.uri = /db/manage/
2014-04-11 00:58:44.818+0000 INFO  [o.n.k.i.DiagnosticsManager]: org.neo4j.server.webadmin.data.uri = /db/data/
2014-04-11 00:58:44.818+0000 INFO  [o.n.k.i.DiagnosticsManager]: --- STARTED diagnostics for org.neo4j.server.configuration.Configurator END ---
2014-04-11 00:58:44.824+0000 INFO  [o.n.k.i.DiagnosticsManager]: Mounted discovery module (org.neo4j.server.rest.discovery) at: /
2014-04-11 00:58:44.834+0000 INFO  [o.n.k.i.DiagnosticsManager]: Mounted REST API at: /db/data/
2014-04-11 00:58:44.839+0000 INFO  [o.n.k.i.DiagnosticsManager]: Mounted management API at: /db/manage/
2014-04-11 00:58:44.840+0000 INFO  [o.n.k.i.DiagnosticsManager]: Mounted webadmin at: /webadmin
2014-04-11 00:58:44.841+0000 INFO  [o.n.k.i.DiagnosticsManager]: Mounted Neo4j Browser at: /browser
2014-04-11 00:58:46.997+0000 INFO  [o.n.k.i.DiagnosticsManager]: Server started on: http://localhost:7474/
2014-04-11 00:58:46.998+0000 INFO  [o.n.k.i.DiagnosticsManager]: --- SERVER STARTED END ---
